{"/Users/aq_home/1Projects/focusmate_cal/src/background/auth.ts": {"path":"/Users/aq_home/1Projects/focusmate_cal/src/background/auth.ts","all":false,"statementMap":{"0":{"start":{"line":1,"column":0},"end":{"line":1,"column":3}},"1":{"start":{"line":2,"column":0},"end":{"line":2,"column":38}},"2":{"start":{"line":3,"column":0},"end":{"line":3,"column":57}},"3":{"start":{"line":4,"column":0},"end":{"line":4,"column":3}},"4":{"start":{"line":5,"column":0},"end":{"line":5,"column":0}},"5":{"start":{"line":6,"column":0},"end":{"line":6,"column":3}},"6":{"start":{"line":7,"column":0},"end":{"line":7,"column":51}},"7":{"start":{"line":8,"column":0},"end":{"line":8,"column":3}},"8":{"start":{"line":9,"column":0},"end":{"line":9,"column":82}},"9":{"start":{"line":10,"column":0},"end":{"line":10,"column":0}},"10":{"start":{"line":11,"column":0},"end":{"line":11,"column":3}},"11":{"start":{"line":12,"column":0},"end":{"line":12,"column":58}},"12":{"start":{"line":13,"column":0},"end":{"line":13,"column":36}},"13":{"start":{"line":14,"column":0},"end":{"line":14,"column":3}},"14":{"start":{"line":15,"column":0},"end":{"line":15,"column":32}},"15":{"start":{"line":16,"column":0},"end":{"line":16,"column":5}},"16":{"start":{"line":17,"column":0},"end":{"line":17,"column":56}},"17":{"start":{"line":18,"column":0},"end":{"line":18,"column":5}},"18":{"start":{"line":19,"column":0},"end":{"line":19,"column":90}},"19":{"start":{"line":20,"column":0},"end":{"line":20,"column":53}},"20":{"start":{"line":21,"column":0},"end":{"line":21,"column":45}},"21":{"start":{"line":22,"column":0},"end":{"line":22,"column":5}},"22":{"start":{"line":23,"column":0},"end":{"line":23,"column":68}},"23":{"start":{"line":24,"column":0},"end":{"line":24,"column":45}},"24":{"start":{"line":25,"column":0},"end":{"line":25,"column":35}},"25":{"start":{"line":26,"column":0},"end":{"line":26,"column":9}},"26":{"start":{"line":27,"column":0},"end":{"line":27,"column":22}},"27":{"start":{"line":28,"column":0},"end":{"line":28,"column":42}},"28":{"start":{"line":29,"column":0},"end":{"line":29,"column":10}},"29":{"start":{"line":30,"column":0},"end":{"line":30,"column":20}},"30":{"start":{"line":31,"column":0},"end":{"line":31,"column":41}},"31":{"start":{"line":32,"column":0},"end":{"line":32,"column":78}},"32":{"start":{"line":33,"column":0},"end":{"line":33,"column":12}},"33":{"start":{"line":34,"column":0},"end":{"line":34,"column":50}},"34":{"start":{"line":35,"column":0},"end":{"line":35,"column":81}},"35":{"start":{"line":36,"column":0},"end":{"line":36,"column":71}},"36":{"start":{"line":37,"column":0},"end":{"line":37,"column":21}},"37":{"start":{"line":38,"column":0},"end":{"line":38,"column":13}},"38":{"start":{"line":39,"column":0},"end":{"line":39,"column":12}},"39":{"start":{"line":40,"column":0},"end":{"line":40,"column":68}},"40":{"start":{"line":41,"column":0},"end":{"line":41,"column":19}},"41":{"start":{"line":42,"column":0},"end":{"line":42,"column":11}},"42":{"start":{"line":43,"column":0},"end":{"line":43,"column":10}},"43":{"start":{"line":44,"column":0},"end":{"line":44,"column":23}},"44":{"start":{"line":45,"column":0},"end":{"line":45,"column":76}},"45":{"start":{"line":46,"column":0},"end":{"line":46,"column":19}},"46":{"start":{"line":47,"column":0},"end":{"line":47,"column":11}},"47":{"start":{"line":48,"column":0},"end":{"line":48,"column":10}},"48":{"start":{"line":49,"column":0},"end":{"line":49,"column":25}},"49":{"start":{"line":50,"column":0},"end":{"line":50,"column":9}},"50":{"start":{"line":51,"column":0},"end":{"line":51,"column":8}},"51":{"start":{"line":52,"column":0},"end":{"line":52,"column":7}},"52":{"start":{"line":53,"column":0},"end":{"line":53,"column":3}},"53":{"start":{"line":54,"column":0},"end":{"line":54,"column":0}},"54":{"start":{"line":55,"column":0},"end":{"line":55,"column":5}},"55":{"start":{"line":56,"column":0},"end":{"line":56,"column":81}},"56":{"start":{"line":57,"column":0},"end":{"line":57,"column":5}},"57":{"start":{"line":58,"column":0},"end":{"line":58,"column":57}},"58":{"start":{"line":59,"column":0},"end":{"line":59,"column":41}},"59":{"start":{"line":60,"column":0},"end":{"line":60,"column":5}},"60":{"start":{"line":61,"column":0},"end":{"line":61,"column":41}},"61":{"start":{"line":62,"column":0},"end":{"line":62,"column":64}},"62":{"start":{"line":63,"column":0},"end":{"line":63,"column":41}},"63":{"start":{"line":64,"column":0},"end":{"line":64,"column":9}},"64":{"start":{"line":65,"column":0},"end":{"line":65,"column":52}},"65":{"start":{"line":66,"column":0},"end":{"line":66,"column":13}},"66":{"start":{"line":67,"column":0},"end":{"line":67,"column":47}},"67":{"start":{"line":68,"column":0},"end":{"line":68,"column":5}},"68":{"start":{"line":69,"column":0},"end":{"line":69,"column":0}},"69":{"start":{"line":70,"column":0},"end":{"line":70,"column":26}},"70":{"start":{"line":71,"column":0},"end":{"line":71,"column":23}},"71":{"start":{"line":72,"column":0},"end":{"line":72,"column":49}},"72":{"start":{"line":73,"column":0},"end":{"line":73,"column":5}},"73":{"start":{"line":74,"column":0},"end":{"line":74,"column":0}},"74":{"start":{"line":75,"column":0},"end":{"line":75,"column":68}},"75":{"start":{"line":76,"column":0},"end":{"line":76,"column":35}},"76":{"start":{"line":77,"column":0},"end":{"line":77,"column":3}},"77":{"start":{"line":78,"column":0},"end":{"line":78,"column":0}},"78":{"start":{"line":79,"column":0},"end":{"line":79,"column":5}},"79":{"start":{"line":80,"column":0},"end":{"line":80,"column":34}},"80":{"start":{"line":81,"column":0},"end":{"line":81,"column":51}},"81":{"start":{"line":82,"column":0},"end":{"line":82,"column":5}},"82":{"start":{"line":83,"column":0},"end":{"line":83,"column":46}},"83":{"start":{"line":84,"column":0},"end":{"line":84,"column":57}},"84":{"start":{"line":85,"column":0},"end":{"line":85,"column":5}},"85":{"start":{"line":86,"column":0},"end":{"line":86,"column":57}},"86":{"start":{"line":87,"column":0},"end":{"line":87,"column":45}},"87":{"start":{"line":88,"column":0},"end":{"line":88,"column":44}},"88":{"start":{"line":89,"column":0},"end":{"line":89,"column":18}},"89":{"start":{"line":90,"column":0},"end":{"line":90,"column":15}},"90":{"start":{"line":91,"column":0},"end":{"line":91,"column":41}},"91":{"start":{"line":92,"column":0},"end":{"line":92,"column":78}},"92":{"start":{"line":93,"column":0},"end":{"line":93,"column":73}},"93":{"start":{"line":94,"column":0},"end":{"line":94,"column":19}},"94":{"start":{"line":95,"column":0},"end":{"line":95,"column":11}},"95":{"start":{"line":96,"column":0},"end":{"line":96,"column":20}},"96":{"start":{"line":97,"column":0},"end":{"line":97,"column":9}},"97":{"start":{"line":98,"column":0},"end":{"line":98,"column":8}},"98":{"start":{"line":99,"column":0},"end":{"line":99,"column":7}},"99":{"start":{"line":100,"column":0},"end":{"line":100,"column":3}},"100":{"start":{"line":101,"column":0},"end":{"line":101,"column":0}},"101":{"start":{"line":102,"column":0},"end":{"line":102,"column":5}},"102":{"start":{"line":103,"column":0},"end":{"line":103,"column":62}},"103":{"start":{"line":104,"column":0},"end":{"line":104,"column":5}},"104":{"start":{"line":105,"column":0},"end":{"line":105,"column":52}},"105":{"start":{"line":106,"column":0},"end":{"line":106,"column":57}},"106":{"start":{"line":107,"column":0},"end":{"line":107,"column":41}},"107":{"start":{"line":108,"column":0},"end":{"line":108,"column":5}},"108":{"start":{"line":109,"column":0},"end":{"line":109,"column":56}},"109":{"start":{"line":110,"column":0},"end":{"line":110,"column":31}},"110":{"start":{"line":111,"column":0},"end":{"line":111,"column":9}},"111":{"start":{"line":112,"column":0},"end":{"line":112,"column":42}},"112":{"start":{"line":113,"column":0},"end":{"line":113,"column":21}},"113":{"start":{"line":114,"column":0},"end":{"line":114,"column":58}},"114":{"start":{"line":115,"column":0},"end":{"line":115,"column":60}},"115":{"start":{"line":116,"column":0},"end":{"line":116,"column":5}},"116":{"start":{"line":117,"column":0},"end":{"line":117,"column":0}},"117":{"start":{"line":118,"column":0},"end":{"line":118,"column":24}},"118":{"start":{"line":119,"column":0},"end":{"line":119,"column":31}},"119":{"start":{"line":120,"column":0},"end":{"line":120,"column":3}},"120":{"start":{"line":121,"column":0},"end":{"line":121,"column":1}}},"s":{"0":1,"1":1,"2":1,"3":1,"4":1,"5":1,"6":1,"7":1,"8":1,"9":1,"10":1,"11":1,"12":1,"13":1,"14":1,"15":1,"16":1,"17":1,"18":1,"19":1,"20":1,"21":1,"22":1,"23":22,"24":22,"25":22,"26":22,"27":22,"28":22,"29":22,"30":22,"31":3,"32":3,"33":3,"34":3,"35":1,"36":1,"37":1,"38":2,"39":2,"40":2,"41":2,"42":19,"43":22,"44":1,"45":1,"46":1,"47":18,"48":18,"49":22,"50":22,"51":22,"52":22,"53":1,"54":1,"55":1,"56":1,"57":1,"58":1,"59":1,"60":1,"61":5,"62":5,"63":5,"64":5,"65":5,"66":1,"67":1,"68":5,"69":5,"70":5,"71":4,"72":4,"73":5,"74":5,"75":5,"76":5,"77":1,"78":1,"79":1,"80":1,"81":1,"82":1,"83":1,"84":1,"85":1,"86":9,"87":9,"88":9,"89":9,"90":9,"91":1,"92":1,"93":1,"94":1,"95":8,"96":9,"97":9,"98":9,"99":9,"100":1,"101":1,"102":1,"103":1,"104":1,"105":1,"106":1,"107":1,"108":1,"109":3,"110":3,"111":3,"112":3,"113":0,"114":0,"115":0,"116":3,"117":3,"118":3,"119":3,"120":1},"branchMap":{"0":{"type":"branch","line":23,"loc":{"start":{"line":23,"column":2},"end":{"line":53,"column":3}},"locations":[{"start":{"line":23,"column":2},"end":{"line":53,"column":3}}]},"1":{"type":"branch","line":24,"loc":{"start":{"line":24,"column":23},"end":{"line":52,"column":5}},"locations":[{"start":{"line":24,"column":23},"end":{"line":52,"column":5}}]},"2":{"type":"branch","line":30,"loc":{"start":{"line":30,"column":8},"end":{"line":50,"column":9}},"locations":[{"start":{"line":30,"column":8},"end":{"line":50,"column":9}}]},"3":{"type":"branch","line":31,"loc":{"start":{"line":31,"column":40},"end":{"line":42,"column":11}},"locations":[{"start":{"line":31,"column":40},"end":{"line":42,"column":11}}]},"4":{"type":"branch","line":32,"loc":{"start":{"line":32,"column":51},"end":{"line":32,"column":78}},"locations":[{"start":{"line":32,"column":51},"end":{"line":32,"column":78}}]},"5":{"type":"branch","line":35,"loc":{"start":{"line":35,"column":41},"end":{"line":35,"column":80}},"locations":[{"start":{"line":35,"column":41},"end":{"line":35,"column":80}}]},"6":{"type":"branch","line":35,"loc":{"start":{"line":35,"column":80},"end":{"line":38,"column":13}},"locations":[{"start":{"line":35,"column":80},"end":{"line":38,"column":13}}]},"7":{"type":"branch","line":38,"loc":{"start":{"line":38,"column":12},"end":{"line":42,"column":11}},"locations":[{"start":{"line":38,"column":12},"end":{"line":42,"column":11}}]},"8":{"type":"branch","line":42,"loc":{"start":{"line":42,"column":10},"end":{"line":44,"column":22}},"locations":[{"start":{"line":42,"column":10},"end":{"line":44,"column":22}}]},"9":{"type":"branch","line":44,"loc":{"start":{"line":44,"column":22},"end":{"line":47,"column":11}},"locations":[{"start":{"line":44,"column":22},"end":{"line":47,"column":11}}]},"10":{"type":"branch","line":47,"loc":{"start":{"line":47,"column":10},"end":{"line":49,"column":25}},"locations":[{"start":{"line":47,"column":10},"end":{"line":49,"column":25}}]},"11":{"type":"branch","line":61,"loc":{"start":{"line":61,"column":2},"end":{"line":77,"column":3}},"locations":[{"start":{"line":61,"column":2},"end":{"line":77,"column":3}}]},"12":{"type":"branch","line":65,"loc":{"start":{"line":65,"column":50},"end":{"line":66,"column":12}},"locations":[{"start":{"line":65,"column":50},"end":{"line":66,"column":12}}]},"13":{"type":"branch","line":66,"loc":{"start":{"line":66,"column":4},"end":{"line":68,"column":5}},"locations":[{"start":{"line":66,"column":4},"end":{"line":68,"column":5}}]},"14":{"type":"branch","line":71,"loc":{"start":{"line":71,"column":22},"end":{"line":73,"column":5}},"locations":[{"start":{"line":71,"column":22},"end":{"line":73,"column":5}}]},"15":{"type":"branch","line":86,"loc":{"start":{"line":86,"column":2},"end":{"line":100,"column":3}},"locations":[{"start":{"line":86,"column":2},"end":{"line":100,"column":3}}]},"16":{"type":"branch","line":87,"loc":{"start":{"line":87,"column":23},"end":{"line":99,"column":5}},"locations":[{"start":{"line":87,"column":23},"end":{"line":99,"column":5}}]},"17":{"type":"branch","line":90,"loc":{"start":{"line":90,"column":8},"end":{"line":97,"column":9}},"locations":[{"start":{"line":90,"column":8},"end":{"line":97,"column":9}}]},"18":{"type":"branch","line":91,"loc":{"start":{"line":91,"column":40},"end":{"line":95,"column":11}},"locations":[{"start":{"line":91,"column":40},"end":{"line":95,"column":11}}]},"19":{"type":"branch","line":92,"loc":{"start":{"line":92,"column":51},"end":{"line":92,"column":78}},"locations":[{"start":{"line":92,"column":51},"end":{"line":92,"column":78}}]},"20":{"type":"branch","line":95,"loc":{"start":{"line":95,"column":10},"end":{"line":96,"column":20}},"locations":[{"start":{"line":95,"column":10},"end":{"line":96,"column":20}}]},"21":{"type":"branch","line":109,"loc":{"start":{"line":109,"column":2},"end":{"line":120,"column":3}},"locations":[{"start":{"line":109,"column":2},"end":{"line":120,"column":3}}]},"22":{"type":"branch","line":113,"loc":{"start":{"line":113,"column":4},"end":{"line":116,"column":5}},"locations":[{"start":{"line":113,"column":4},"end":{"line":116,"column":5}}]}},"b":{"0":[22],"1":[22],"2":[22],"3":[3],"4":[0],"5":[2],"6":[1],"7":[2],"8":[19],"9":[1],"10":[18],"11":[5],"12":[4],"13":[1],"14":[4],"15":[9],"16":[9],"17":[9],"18":[1],"19":[0],"20":[8],"21":[3],"22":[0]},"fnMap":{"0":{"name":"getAuthToken","decl":{"start":{"line":23,"column":2},"end":{"line":53,"column":3}},"loc":{"start":{"line":23,"column":2},"end":{"line":53,"column":3}},"line":23},"1":{"name":"refreshToken","decl":{"start":{"line":61,"column":2},"end":{"line":77,"column":3}},"loc":{"start":{"line":61,"column":2},"end":{"line":77,"column":3}},"line":61},"2":{"name":"removeCachedToken","decl":{"start":{"line":86,"column":2},"end":{"line":100,"column":3}},"loc":{"start":{"line":86,"column":2},"end":{"line":100,"column":3}},"line":86},"3":{"name":"handle401Error","decl":{"start":{"line":109,"column":2},"end":{"line":120,"column":3}},"loc":{"start":{"line":109,"column":2},"end":{"line":120,"column":3}},"line":109}},"f":{"0":22,"1":5,"2":9,"3":3}}
,"/Users/aq_home/1Projects/focusmate_cal/src/background/background.ts": {"path":"/Users/aq_home/1Projects/focusmate_cal/src/background/background.ts","all":true,"statementMap":{"0":{"start":{"line":1,"column":0},"end":{"line":1,"column":3}},"1":{"start":{"line":2,"column":0},"end":{"line":2,"column":49}},"2":{"start":{"line":3,"column":0},"end":{"line":3,"column":70}},"3":{"start":{"line":4,"column":0},"end":{"line":4,"column":3}},"4":{"start":{"line":5,"column":0},"end":{"line":5,"column":0}},"5":{"start":{"line":6,"column":0},"end":{"line":6,"column":13}},"6":{"start":{"line":7,"column":0},"end":{"line":7,"column":29}},"7":{"start":{"line":8,"column":0},"end":{"line":8,"column":29}},"8":{"start":{"line":9,"column":0},"end":{"line":9,"column":27}},"9":{"start":{"line":10,"column":0},"end":{"line":10,"column":21}},"10":{"start":{"line":11,"column":0},"end":{"line":11,"column":20}},"11":{"start":{"line":12,"column":0},"end":{"line":12,"column":19}},"12":{"start":{"line":13,"column":0},"end":{"line":13,"column":27}},"13":{"start":{"line":14,"column":0},"end":{"line":14,"column":58}},"14":{"start":{"line":15,"column":0},"end":{"line":15,"column":66}},"15":{"start":{"line":16,"column":0},"end":{"line":16,"column":43}},"16":{"start":{"line":17,"column":0},"end":{"line":17,"column":50}},"17":{"start":{"line":18,"column":0},"end":{"line":18,"column":46}},"18":{"start":{"line":19,"column":0},"end":{"line":19,"column":46}},"19":{"start":{"line":20,"column":0},"end":{"line":20,"column":0}},"20":{"start":{"line":21,"column":0},"end":{"line":21,"column":3}},"21":{"start":{"line":22,"column":0},"end":{"line":22,"column":39}},"22":{"start":{"line":23,"column":0},"end":{"line":23,"column":3}},"23":{"start":{"line":24,"column":0},"end":{"line":24,"column":31}},"24":{"start":{"line":25,"column":0},"end":{"line":25,"column":41}},"25":{"start":{"line":26,"column":0},"end":{"line":26,"column":47}},"26":{"start":{"line":27,"column":0},"end":{"line":27,"column":43}},"27":{"start":{"line":28,"column":0},"end":{"line":28,"column":45}},"28":{"start":{"line":29,"column":0},"end":{"line":29,"column":57}},"29":{"start":{"line":30,"column":0},"end":{"line":30,"column":0}},"30":{"start":{"line":31,"column":0},"end":{"line":31,"column":17}},"31":{"start":{"line":32,"column":0},"end":{"line":32,"column":47}},"32":{"start":{"line":33,"column":0},"end":{"line":33,"column":69}},"33":{"start":{"line":34,"column":0},"end":{"line":34,"column":53}},"34":{"start":{"line":35,"column":0},"end":{"line":35,"column":51}},"35":{"start":{"line":36,"column":0},"end":{"line":36,"column":3}},"36":{"start":{"line":37,"column":0},"end":{"line":37,"column":0}},"37":{"start":{"line":38,"column":0},"end":{"line":38,"column":5}},"38":{"start":{"line":39,"column":0},"end":{"line":39,"column":35}},"39":{"start":{"line":40,"column":0},"end":{"line":40,"column":5}},"40":{"start":{"line":41,"column":0},"end":{"line":41,"column":37}},"41":{"start":{"line":42,"column":0},"end":{"line":42,"column":33}},"42":{"start":{"line":43,"column":0},"end":{"line":43,"column":30}},"43":{"start":{"line":44,"column":0},"end":{"line":44,"column":0}},"44":{"start":{"line":45,"column":0},"end":{"line":45,"column":31}},"45":{"start":{"line":46,"column":0},"end":{"line":46,"column":41}},"46":{"start":{"line":47,"column":0},"end":{"line":47,"column":70}},"47":{"start":{"line":48,"column":0},"end":{"line":48,"column":58}},"48":{"start":{"line":49,"column":0},"end":{"line":49,"column":72}},"49":{"start":{"line":50,"column":0},"end":{"line":50,"column":7}},"50":{"start":{"line":51,"column":0},"end":{"line":51,"column":6}},"51":{"start":{"line":52,"column":0},"end":{"line":52,"column":0}},"52":{"start":{"line":53,"column":0},"end":{"line":53,"column":52}},"53":{"start":{"line":54,"column":0},"end":{"line":54,"column":65}},"54":{"start":{"line":55,"column":0},"end":{"line":55,"column":33}},"55":{"start":{"line":56,"column":0},"end":{"line":56,"column":42}},"56":{"start":{"line":57,"column":0},"end":{"line":57,"column":7}},"57":{"start":{"line":58,"column":0},"end":{"line":58,"column":7}},"58":{"start":{"line":59,"column":0},"end":{"line":59,"column":0}},"59":{"start":{"line":60,"column":0},"end":{"line":60,"column":57}},"60":{"start":{"line":61,"column":0},"end":{"line":61,"column":37}},"61":{"start":{"line":62,"column":0},"end":{"line":62,"column":59}},"62":{"start":{"line":63,"column":0},"end":{"line":63,"column":5}},"63":{"start":{"line":64,"column":0},"end":{"line":64,"column":3}},"64":{"start":{"line":65,"column":0},"end":{"line":65,"column":0}},"65":{"start":{"line":66,"column":0},"end":{"line":66,"column":5}},"66":{"start":{"line":67,"column":0},"end":{"line":67,"column":45}},"67":{"start":{"line":68,"column":0},"end":{"line":68,"column":5}},"68":{"start":{"line":69,"column":0},"end":{"line":69,"column":47}},"69":{"start":{"line":70,"column":0},"end":{"line":70,"column":37}},"70":{"start":{"line":71,"column":0},"end":{"line":71,"column":31}},"71":{"start":{"line":72,"column":0},"end":{"line":72,"column":36}},"72":{"start":{"line":73,"column":0},"end":{"line":73,"column":20}},"73":{"start":{"line":74,"column":0},"end":{"line":74,"column":32}},"74":{"start":{"line":75,"column":0},"end":{"line":75,"column":27}},"75":{"start":{"line":76,"column":0},"end":{"line":76,"column":99}},"76":{"start":{"line":77,"column":0},"end":{"line":77,"column":96}},"77":{"start":{"line":78,"column":0},"end":{"line":78,"column":90}},"78":{"start":{"line":79,"column":0},"end":{"line":79,"column":103}},"79":{"start":{"line":80,"column":0},"end":{"line":80,"column":93}},"80":{"start":{"line":81,"column":0},"end":{"line":81,"column":12}},"81":{"start":{"line":82,"column":0},"end":{"line":82,"column":0}},"82":{"start":{"line":83,"column":0},"end":{"line":83,"column":49}},"83":{"start":{"line":84,"column":0},"end":{"line":84,"column":72}},"84":{"start":{"line":85,"column":0},"end":{"line":85,"column":0}},"85":{"start":{"line":86,"column":0},"end":{"line":86,"column":45}},"86":{"start":{"line":87,"column":0},"end":{"line":87,"column":43}},"87":{"start":{"line":88,"column":0},"end":{"line":88,"column":0}},"88":{"start":{"line":89,"column":0},"end":{"line":89,"column":43}},"89":{"start":{"line":90,"column":0},"end":{"line":90,"column":84}},"90":{"start":{"line":91,"column":0},"end":{"line":91,"column":11}},"91":{"start":{"line":92,"column":0},"end":{"line":92,"column":0}},"92":{"start":{"line":93,"column":0},"end":{"line":93,"column":20}},"93":{"start":{"line":94,"column":0},"end":{"line":94,"column":9}},"94":{"start":{"line":95,"column":0},"end":{"line":95,"column":8}},"95":{"start":{"line":96,"column":0},"end":{"line":96,"column":7}},"96":{"start":{"line":97,"column":0},"end":{"line":97,"column":3}},"97":{"start":{"line":98,"column":0},"end":{"line":98,"column":0}},"98":{"start":{"line":99,"column":0},"end":{"line":99,"column":5}},"99":{"start":{"line":100,"column":0},"end":{"line":100,"column":28}},"100":{"start":{"line":101,"column":0},"end":{"line":101,"column":5}},"101":{"start":{"line":102,"column":0},"end":{"line":102,"column":76}},"102":{"start":{"line":103,"column":0},"end":{"line":103,"column":32}},"103":{"start":{"line":104,"column":0},"end":{"line":104,"column":0}},"104":{"start":{"line":105,"column":0},"end":{"line":105,"column":48}},"105":{"start":{"line":106,"column":0},"end":{"line":106,"column":119}},"106":{"start":{"line":107,"column":0},"end":{"line":107,"column":29}},"107":{"start":{"line":108,"column":0},"end":{"line":108,"column":5}},"108":{"start":{"line":109,"column":0},"end":{"line":109,"column":0}},"109":{"start":{"line":110,"column":0},"end":{"line":110,"column":47}},"110":{"start":{"line":111,"column":0},"end":{"line":111,"column":116}},"111":{"start":{"line":112,"column":0},"end":{"line":112,"column":29}},"112":{"start":{"line":113,"column":0},"end":{"line":113,"column":5}},"113":{"start":{"line":114,"column":0},"end":{"line":114,"column":0}},"114":{"start":{"line":115,"column":0},"end":{"line":115,"column":45}},"115":{"start":{"line":116,"column":0},"end":{"line":116,"column":110}},"116":{"start":{"line":117,"column":0},"end":{"line":117,"column":29}},"117":{"start":{"line":118,"column":0},"end":{"line":118,"column":52}},"118":{"start":{"line":119,"column":0},"end":{"line":119,"column":39}},"119":{"start":{"line":120,"column":0},"end":{"line":120,"column":5}},"120":{"start":{"line":121,"column":0},"end":{"line":121,"column":0}},"121":{"start":{"line":122,"column":0},"end":{"line":122,"column":50}},"122":{"start":{"line":123,"column":0},"end":{"line":123,"column":123}},"123":{"start":{"line":124,"column":0},"end":{"line":124,"column":68}},"124":{"start":{"line":125,"column":0},"end":{"line":125,"column":29}},"125":{"start":{"line":126,"column":0},"end":{"line":126,"column":5}},"126":{"start":{"line":127,"column":0},"end":{"line":127,"column":0}},"127":{"start":{"line":128,"column":0},"end":{"line":128,"column":46}},"128":{"start":{"line":129,"column":0},"end":{"line":129,"column":113}},"129":{"start":{"line":130,"column":0},"end":{"line":130,"column":29}},"130":{"start":{"line":131,"column":0},"end":{"line":131,"column":5}},"131":{"start":{"line":132,"column":0},"end":{"line":132,"column":0}},"132":{"start":{"line":133,"column":0},"end":{"line":133,"column":56}},"133":{"start":{"line":134,"column":0},"end":{"line":134,"column":79}},"134":{"start":{"line":135,"column":0},"end":{"line":135,"column":5}},"135":{"start":{"line":136,"column":0},"end":{"line":136,"column":3}},"136":{"start":{"line":137,"column":0},"end":{"line":137,"column":0}},"137":{"start":{"line":138,"column":0},"end":{"line":138,"column":5}},"138":{"start":{"line":139,"column":0},"end":{"line":139,"column":41}},"139":{"start":{"line":140,"column":0},"end":{"line":140,"column":5}},"140":{"start":{"line":141,"column":0},"end":{"line":141,"column":30}},"141":{"start":{"line":142,"column":0},"end":{"line":142,"column":40}},"142":{"start":{"line":143,"column":0},"end":{"line":143,"column":41}},"143":{"start":{"line":144,"column":0},"end":{"line":144,"column":64}},"144":{"start":{"line":145,"column":0},"end":{"line":145,"column":20}},"145":{"start":{"line":146,"column":0},"end":{"line":146,"column":9}},"146":{"start":{"line":147,"column":0},"end":{"line":147,"column":52}},"147":{"start":{"line":148,"column":0},"end":{"line":148,"column":69}},"148":{"start":{"line":149,"column":0},"end":{"line":149,"column":31}},"149":{"start":{"line":150,"column":0},"end":{"line":150,"column":51}},"150":{"start":{"line":151,"column":0},"end":{"line":151,"column":63}},"151":{"start":{"line":152,"column":0},"end":{"line":152,"column":31}},"152":{"start":{"line":153,"column":0},"end":{"line":153,"column":14}},"153":{"start":{"line":154,"column":0},"end":{"line":154,"column":22}},"154":{"start":{"line":155,"column":0},"end":{"line":155,"column":20}},"155":{"start":{"line":156,"column":0},"end":{"line":156,"column":79}},"156":{"start":{"line":157,"column":0},"end":{"line":157,"column":11}},"157":{"start":{"line":158,"column":0},"end":{"line":158,"column":7}},"158":{"start":{"line":159,"column":0},"end":{"line":159,"column":21}},"159":{"start":{"line":160,"column":0},"end":{"line":160,"column":82}},"160":{"start":{"line":161,"column":0},"end":{"line":161,"column":6}},"161":{"start":{"line":162,"column":0},"end":{"line":162,"column":39}},"162":{"start":{"line":163,"column":0},"end":{"line":163,"column":82}},"163":{"start":{"line":164,"column":0},"end":{"line":164,"column":7}},"164":{"start":{"line":165,"column":0},"end":{"line":165,"column":0}},"165":{"start":{"line":166,"column":0},"end":{"line":166,"column":20}},"166":{"start":{"line":167,"column":0},"end":{"line":167,"column":18}},"167":{"start":{"line":168,"column":0},"end":{"line":168,"column":28}},"168":{"start":{"line":169,"column":0},"end":{"line":169,"column":9}},"169":{"start":{"line":170,"column":0},"end":{"line":170,"column":5}},"170":{"start":{"line":171,"column":0},"end":{"line":171,"column":3}},"171":{"start":{"line":172,"column":0},"end":{"line":172,"column":0}},"172":{"start":{"line":173,"column":0},"end":{"line":173,"column":5}},"173":{"start":{"line":174,"column":0},"end":{"line":174,"column":41}},"174":{"start":{"line":175,"column":0},"end":{"line":175,"column":5}},"175":{"start":{"line":176,"column":0},"end":{"line":176,"column":40}},"176":{"start":{"line":177,"column":0},"end":{"line":177,"column":37}},"177":{"start":{"line":178,"column":0},"end":{"line":178,"column":33}},"178":{"start":{"line":179,"column":0},"end":{"line":179,"column":47}},"179":{"start":{"line":180,"column":0},"end":{"line":180,"column":0}},"180":{"start":{"line":181,"column":0},"end":{"line":181,"column":37}},"181":{"start":{"line":182,"column":0},"end":{"line":182,"column":72}},"182":{"start":{"line":183,"column":0},"end":{"line":183,"column":53}},"183":{"start":{"line":184,"column":0},"end":{"line":184,"column":49}},"184":{"start":{"line":185,"column":0},"end":{"line":185,"column":54}},"185":{"start":{"line":186,"column":0},"end":{"line":186,"column":9}},"186":{"start":{"line":187,"column":0},"end":{"line":187,"column":5}},"187":{"start":{"line":188,"column":0},"end":{"line":188,"column":0}},"188":{"start":{"line":189,"column":0},"end":{"line":189,"column":9}},"189":{"start":{"line":190,"column":0},"end":{"line":190,"column":63}},"190":{"start":{"line":191,"column":0},"end":{"line":191,"column":59}},"191":{"start":{"line":192,"column":0},"end":{"line":192,"column":34}},"192":{"start":{"line":193,"column":0},"end":{"line":193,"column":22}},"193":{"start":{"line":194,"column":0},"end":{"line":194,"column":20}},"194":{"start":{"line":195,"column":0},"end":{"line":195,"column":34}},"195":{"start":{"line":196,"column":0},"end":{"line":196,"column":8}},"196":{"start":{"line":197,"column":0},"end":{"line":197,"column":0}},"197":{"start":{"line":198,"column":0},"end":{"line":198,"column":54}},"198":{"start":{"line":199,"column":0},"end":{"line":199,"column":91}},"199":{"start":{"line":200,"column":0},"end":{"line":200,"column":43}},"200":{"start":{"line":201,"column":0},"end":{"line":201,"column":0}},"201":{"start":{"line":202,"column":0},"end":{"line":202,"column":50}},"202":{"start":{"line":203,"column":0},"end":{"line":203,"column":42}},"203":{"start":{"line":204,"column":0},"end":{"line":204,"column":13}},"204":{"start":{"line":205,"column":0},"end":{"line":205,"column":71}},"205":{"start":{"line":206,"column":0},"end":{"line":206,"column":26}},"206":{"start":{"line":207,"column":0},"end":{"line":207,"column":24}},"207":{"start":{"line":208,"column":0},"end":{"line":208,"column":38}},"208":{"start":{"line":209,"column":0},"end":{"line":209,"column":12}},"209":{"start":{"line":210,"column":0},"end":{"line":210,"column":55}},"210":{"start":{"line":211,"column":0},"end":{"line":211,"column":64}},"211":{"start":{"line":212,"column":0},"end":{"line":212,"column":46}},"212":{"start":{"line":213,"column":0},"end":{"line":213,"column":48}},"213":{"start":{"line":214,"column":0},"end":{"line":214,"column":37}},"214":{"start":{"line":215,"column":0},"end":{"line":215,"column":13}},"215":{"start":{"line":216,"column":0},"end":{"line":216,"column":11}},"216":{"start":{"line":217,"column":0},"end":{"line":217,"column":25}},"217":{"start":{"line":218,"column":0},"end":{"line":218,"column":75}},"218":{"start":{"line":219,"column":0},"end":{"line":219,"column":43}},"219":{"start":{"line":220,"column":0},"end":{"line":220,"column":114}},"220":{"start":{"line":221,"column":0},"end":{"line":221,"column":11}},"221":{"start":{"line":222,"column":0},"end":{"line":222,"column":9}},"222":{"start":{"line":223,"column":0},"end":{"line":223,"column":7}},"223":{"start":{"line":224,"column":0},"end":{"line":224,"column":0}},"224":{"start":{"line":225,"column":0},"end":{"line":225,"column":88}},"225":{"start":{"line":226,"column":0},"end":{"line":226,"column":57}},"226":{"start":{"line":227,"column":0},"end":{"line":227,"column":46}},"227":{"start":{"line":228,"column":0},"end":{"line":228,"column":64}},"228":{"start":{"line":229,"column":0},"end":{"line":229,"column":126}},"229":{"start":{"line":230,"column":0},"end":{"line":230,"column":7}},"230":{"start":{"line":231,"column":0},"end":{"line":231,"column":0}},"231":{"start":{"line":232,"column":0},"end":{"line":232,"column":26}},"232":{"start":{"line":233,"column":0},"end":{"line":233,"column":72}},"233":{"start":{"line":234,"column":0},"end":{"line":234,"column":0}},"234":{"start":{"line":235,"column":0},"end":{"line":235,"column":39}},"235":{"start":{"line":236,"column":0},"end":{"line":236,"column":69}},"236":{"start":{"line":237,"column":0},"end":{"line":237,"column":32}},"237":{"start":{"line":238,"column":0},"end":{"line":238,"column":36}},"238":{"start":{"line":239,"column":0},"end":{"line":239,"column":51}},"239":{"start":{"line":240,"column":0},"end":{"line":240,"column":11}},"240":{"start":{"line":241,"column":0},"end":{"line":241,"column":7}},"241":{"start":{"line":242,"column":0},"end":{"line":242,"column":0}},"242":{"start":{"line":243,"column":0},"end":{"line":243,"column":14}},"243":{"start":{"line":244,"column":0},"end":{"line":244,"column":17}},"244":{"start":{"line":245,"column":0},"end":{"line":245,"column":15}},"245":{"start":{"line":246,"column":0},"end":{"line":246,"column":17}},"246":{"start":{"line":247,"column":0},"end":{"line":247,"column":18}},"247":{"start":{"line":248,"column":0},"end":{"line":248,"column":8}},"248":{"start":{"line":249,"column":0},"end":{"line":249,"column":21}},"249":{"start":{"line":250,"column":0},"end":{"line":250,"column":82}},"250":{"start":{"line":251,"column":0},"end":{"line":251,"column":6}},"251":{"start":{"line":252,"column":0},"end":{"line":252,"column":39}},"252":{"start":{"line":253,"column":0},"end":{"line":253,"column":80}},"253":{"start":{"line":254,"column":0},"end":{"line":254,"column":7}},"254":{"start":{"line":255,"column":0},"end":{"line":255,"column":0}},"255":{"start":{"line":256,"column":0},"end":{"line":256,"column":14}},"256":{"start":{"line":257,"column":0},"end":{"line":257,"column":18}},"257":{"start":{"line":258,"column":0},"end":{"line":258,"column":28}},"258":{"start":{"line":259,"column":0},"end":{"line":259,"column":8}},"259":{"start":{"line":260,"column":0},"end":{"line":260,"column":5}},"260":{"start":{"line":261,"column":0},"end":{"line":261,"column":3}},"261":{"start":{"line":262,"column":0},"end":{"line":262,"column":0}},"262":{"start":{"line":263,"column":0},"end":{"line":263,"column":5}},"263":{"start":{"line":264,"column":0},"end":{"line":264,"column":33}},"264":{"start":{"line":265,"column":0},"end":{"line":265,"column":5}},"265":{"start":{"line":266,"column":0},"end":{"line":266,"column":34}},"266":{"start":{"line":267,"column":0},"end":{"line":267,"column":31}},"267":{"start":{"line":268,"column":0},"end":{"line":268,"column":32}},"268":{"start":{"line":269,"column":0},"end":{"line":269,"column":37}},"269":{"start":{"line":270,"column":0},"end":{"line":270,"column":30}},"270":{"start":{"line":271,"column":0},"end":{"line":271,"column":0}},"271":{"start":{"line":272,"column":0},"end":{"line":272,"column":12}},"272":{"start":{"line":273,"column":0},"end":{"line":273,"column":51}},"273":{"start":{"line":274,"column":0},"end":{"line":274,"column":49}},"274":{"start":{"line":275,"column":0},"end":{"line":275,"column":45}},"275":{"start":{"line":276,"column":0},"end":{"line":276,"column":53}},"276":{"start":{"line":277,"column":0},"end":{"line":277,"column":47}},"277":{"start":{"line":278,"column":0},"end":{"line":278,"column":6}},"278":{"start":{"line":279,"column":0},"end":{"line":279,"column":3}},"279":{"start":{"line":280,"column":0},"end":{"line":280,"column":1}},"280":{"start":{"line":281,"column":0},"end":{"line":281,"column":0}},"281":{"start":{"line":282,"column":0},"end":{"line":282,"column":28}},"282":{"start":{"line":283,"column":0},"end":{"line":283,"column":52}},"283":{"start":{"line":284,"column":0},"end":{"line":284,"column":45}},"284":{"start":{"line":285,"column":0},"end":{"line":285,"column":74}},"285":{"start":{"line":286,"column":0},"end":{"line":286,"column":3}},"286":{"start":{"line":287,"column":0},"end":{"line":287,"column":0}},"287":{"start":{"line":288,"column":0},"end":{"line":288,"column":19}},"288":{"start":{"line":289,"column":0},"end":{"line":289,"column":46}},"289":{"start":{"line":290,"column":0},"end":{"line":290,"column":56}},"290":{"start":{"line":291,"column":0},"end":{"line":291,"column":3}}},"s":{"0":0,"1":0,"2":0,"3":0,"4":0,"5":0,"6":0,"7":0,"8":0,"9":0,"10":0,"11":0,"12":0,"13":0,"14":0,"15":0,"16":0,"17":0,"18":0,"19":0,"20":0,"21":0,"22":0,"23":0,"24":0,"25":0,"26":0,"27":0,"28":0,"29":0,"30":0,"31":0,"32":0,"33":0,"34":0,"35":0,"36":0,"37":0,"38":0,"39":0,"40":0,"41":0,"42":0,"43":0,"44":0,"45":0,"46":0,"47":0,"48":0,"49":0,"50":0,"51":0,"52":0,"53":0,"54":0,"55":0,"56":0,"57":0,"58":0,"59":0,"60":0,"61":0,"62":0,"63":0,"64":0,"65":0,"66":0,"67":0,"68":0,"69":0,"70":0,"71":0,"72":0,"73":0,"74":0,"75":0,"76":0,"77":0,"78":0,"79":0,"80":0,"81":0,"82":0,"83":0,"84":0,"85":0,"86":0,"87":0,"88":0,"89":0,"90":0,"91":0,"92":0,"93":0,"94":0,"95":0,"96":0,"97":0,"98":0,"99":0,"100":0,"101":0,"102":0,"103":0,"104":0,"105":0,"106":0,"107":0,"108":0,"109":0,"110":0,"111":0,"112":0,"113":0,"114":0,"115":0,"116":0,"117":0,"118":0,"119":0,"120":0,"121":0,"122":0,"123":0,"124":0,"125":0,"126":0,"127":0,"128":0,"129":0,"130":0,"131":0,"132":0,"133":0,"134":0,"135":0,"136":0,"137":0,"138":0,"139":0,"140":0,"141":0,"142":0,"143":0,"144":0,"145":0,"146":0,"147":0,"148":0,"149":0,"150":0,"151":0,"152":0,"153":0,"154":0,"155":0,"156":0,"157":0,"158":0,"159":0,"160":0,"161":0,"162":0,"163":0,"164":0,"165":0,"166":0,"167":0,"168":0,"169":0,"170":0,"171":0,"172":0,"173":0,"174":0,"175":0,"176":0,"177":0,"178":0,"179":0,"180":0,"181":0,"182":0,"183":0,"184":0,"185":0,"186":0,"187":0,"188":0,"189":0,"190":0,"191":0,"192":0,"193":0,"194":0,"195":0,"196":0,"197":0,"198":0,"199":0,"200":0,"201":0,"202":0,"203":0,"204":0,"205":0,"206":0,"207":0,"208":0,"209":0,"210":0,"211":0,"212":0,"213":0,"214":0,"215":0,"216":0,"217":0,"218":0,"219":0,"220":0,"221":0,"222":0,"223":0,"224":0,"225":0,"226":0,"227":0,"228":0,"229":0,"230":0,"231":0,"232":0,"233":0,"234":0,"235":0,"236":0,"237":0,"238":0,"239":0,"240":0,"241":0,"242":0,"243":0,"244":0,"245":0,"246":0,"247":0,"248":0,"249":0,"250":0,"251":0,"252":0,"253":0,"254":0,"255":0,"256":0,"257":0,"258":0,"259":0,"260":0,"261":0,"262":0,"263":0,"264":0,"265":0,"266":0,"267":0,"268":0,"269":0,"270":0,"271":0,"272":0,"273":0,"274":0,"275":0,"276":0,"277":0,"278":0,"279":0,"280":0,"281":0,"282":0,"283":0,"284":0,"285":0,"286":0,"287":0,"288":0,"289":0,"290":0},"branchMap":{"0":{"type":"branch","line":1,"loc":{"start":{"line":1,"column":9576},"end":{"line":291,"column":3}},"locations":[{"start":{"line":1,"column":9576},"end":{"line":291,"column":3}}]}},"b":{"0":[0]},"fnMap":{"0":{"name":"(empty-report)","decl":{"start":{"line":1,"column":9576},"end":{"line":291,"column":3}},"loc":{"start":{"line":1,"column":9576},"end":{"line":291,"column":3}},"line":1}},"f":{"0":0}}
,"/Users/aq_home/1Projects/focusmate_cal/src/background/calendar.ts": {"path":"/Users/aq_home/1Projects/focusmate_cal/src/background/calendar.ts","all":false,"statementMap":{"0":{"start":{"line":1,"column":0},"end":{"line":1,"column":3}},"1":{"start":{"line":2,"column":0},"end":{"line":2,"column":29}},"2":{"start":{"line":3,"column":0},"end":{"line":3,"column":51}},"3":{"start":{"line":4,"column":0},"end":{"line":4,"column":89}},"4":{"start":{"line":5,"column":0},"end":{"line":5,"column":3}},"5":{"start":{"line":6,"column":0},"end":{"line":6,"column":0}},"6":{"start":{"line":7,"column":0},"end":{"line":7,"column":49}},"7":{"start":{"line":8,"column":0},"end":{"line":8,"column":86}},"8":{"start":{"line":9,"column":0},"end":{"line":9,"column":0}},"9":{"start":{"line":10,"column":0},"end":{"line":10,"column":3}},"10":{"start":{"line":11,"column":0},"end":{"line":11,"column":31}},"11":{"start":{"line":12,"column":0},"end":{"line":12,"column":3}},"12":{"start":{"line":13,"column":0},"end":{"line":13,"column":74}},"13":{"start":{"line":14,"column":0},"end":{"line":14,"column":0}},"14":{"start":{"line":15,"column":0},"end":{"line":15,"column":3}},"15":{"start":{"line":16,"column":0},"end":{"line":16,"column":34}},"16":{"start":{"line":17,"column":0},"end":{"line":17,"column":3}},"17":{"start":{"line":18,"column":0},"end":{"line":18,"column":22}},"18":{"start":{"line":19,"column":0},"end":{"line":19,"column":22}},"19":{"start":{"line":20,"column":0},"end":{"line":20,"column":20}},"20":{"start":{"line":21,"column":0},"end":{"line":21,"column":1}},"21":{"start":{"line":22,"column":0},"end":{"line":22,"column":0}},"22":{"start":{"line":23,"column":0},"end":{"line":23,"column":3}},"23":{"start":{"line":24,"column":0},"end":{"line":24,"column":63}},"24":{"start":{"line":25,"column":0},"end":{"line":25,"column":51}},"25":{"start":{"line":26,"column":0},"end":{"line":26,"column":3}},"26":{"start":{"line":27,"column":0},"end":{"line":27,"column":35}},"27":{"start":{"line":28,"column":0},"end":{"line":28,"column":58}},"28":{"start":{"line":29,"column":0},"end":{"line":29,"column":53}},"29":{"start":{"line":30,"column":0},"end":{"line":30,"column":45}},"30":{"start":{"line":31,"column":0},"end":{"line":31,"column":0}},"31":{"start":{"line":32,"column":0},"end":{"line":32,"column":64}},"32":{"start":{"line":33,"column":0},"end":{"line":33,"column":35}},"33":{"start":{"line":34,"column":0},"end":{"line":34,"column":3}},"34":{"start":{"line":35,"column":0},"end":{"line":35,"column":0}},"35":{"start":{"line":36,"column":0},"end":{"line":36,"column":5}},"36":{"start":{"line":37,"column":0},"end":{"line":37,"column":59}},"37":{"start":{"line":38,"column":0},"end":{"line":38,"column":5}},"38":{"start":{"line":39,"column":0},"end":{"line":39,"column":90}},"39":{"start":{"line":40,"column":0},"end":{"line":40,"column":54}},"40":{"start":{"line":41,"column":0},"end":{"line":41,"column":52}},"41":{"start":{"line":42,"column":0},"end":{"line":42,"column":58}},"42":{"start":{"line":43,"column":0},"end":{"line":43,"column":72}},"43":{"start":{"line":44,"column":0},"end":{"line":44,"column":60}},"44":{"start":{"line":45,"column":0},"end":{"line":45,"column":5}},"45":{"start":{"line":46,"column":0},"end":{"line":46,"column":20}},"46":{"start":{"line":47,"column":0},"end":{"line":47,"column":26}},"47":{"start":{"line":48,"column":0},"end":{"line":48,"column":20}},"48":{"start":{"line":49,"column":0},"end":{"line":49,"column":20}},"49":{"start":{"line":50,"column":0},"end":{"line":50,"column":33}},"50":{"start":{"line":51,"column":0},"end":{"line":51,"column":27}},"51":{"start":{"line":52,"column":0},"end":{"line":52,"column":24}},"52":{"start":{"line":53,"column":0},"end":{"line":53,"column":69}},"53":{"start":{"line":54,"column":0},"end":{"line":54,"column":44}},"54":{"start":{"line":55,"column":0},"end":{"line":55,"column":66}},"55":{"start":{"line":56,"column":0},"end":{"line":56,"column":25}},"56":{"start":{"line":57,"column":0},"end":{"line":57,"column":67}},"57":{"start":{"line":58,"column":0},"end":{"line":58,"column":38}},"58":{"start":{"line":59,"column":0},"end":{"line":59,"column":45}},"59":{"start":{"line":60,"column":0},"end":{"line":60,"column":11}},"60":{"start":{"line":61,"column":0},"end":{"line":61,"column":7}},"61":{"start":{"line":62,"column":0},"end":{"line":62,"column":27}},"62":{"start":{"line":63,"column":0},"end":{"line":63,"column":5}},"63":{"start":{"line":64,"column":0},"end":{"line":64,"column":0}},"64":{"start":{"line":65,"column":0},"end":{"line":65,"column":21}},"65":{"start":{"line":66,"column":0},"end":{"line":66,"column":22}},"66":{"start":{"line":67,"column":0},"end":{"line":67,"column":9}},"67":{"start":{"line":68,"column":0},"end":{"line":68,"column":56}},"68":{"start":{"line":69,"column":0},"end":{"line":69,"column":21}},"69":{"start":{"line":70,"column":0},"end":{"line":70,"column":107}},"70":{"start":{"line":71,"column":0},"end":{"line":71,"column":5}},"71":{"start":{"line":72,"column":0},"end":{"line":72,"column":0}},"72":{"start":{"line":73,"column":0},"end":{"line":73,"column":38}},"73":{"start":{"line":74,"column":0},"end":{"line":74,"column":38}},"74":{"start":{"line":75,"column":0},"end":{"line":75,"column":32}},"75":{"start":{"line":76,"column":0},"end":{"line":76,"column":0}},"76":{"start":{"line":77,"column":0},"end":{"line":77,"column":43}},"77":{"start":{"line":78,"column":0},"end":{"line":78,"column":11}},"78":{"start":{"line":79,"column":0},"end":{"line":79,"column":57}},"79":{"start":{"line":80,"column":0},"end":{"line":80,"column":16}},"80":{"start":{"line":81,"column":0},"end":{"line":81,"column":21}},"81":{"start":{"line":82,"column":0},"end":{"line":82,"column":18}},"82":{"start":{"line":83,"column":0},"end":{"line":83,"column":18}},"83":{"start":{"line":84,"column":0},"end":{"line":84,"column":22}},"84":{"start":{"line":85,"column":0},"end":{"line":85,"column":10}},"85":{"start":{"line":86,"column":0},"end":{"line":86,"column":34}},"86":{"start":{"line":87,"column":0},"end":{"line":87,"column":23}},"87":{"start":{"line":88,"column":0},"end":{"line":88,"column":84}},"88":{"start":{"line":89,"column":0},"end":{"line":89,"column":63}},"89":{"start":{"line":90,"column":0},"end":{"line":90,"column":8}},"90":{"start":{"line":91,"column":0},"end":{"line":91,"column":47}},"91":{"start":{"line":92,"column":0},"end":{"line":92,"column":84}},"92":{"start":{"line":93,"column":0},"end":{"line":93,"column":29}},"93":{"start":{"line":94,"column":0},"end":{"line":94,"column":78}},"94":{"start":{"line":95,"column":0},"end":{"line":95,"column":11}},"95":{"start":{"line":96,"column":0},"end":{"line":96,"column":15}},"96":{"start":{"line":97,"column":0},"end":{"line":97,"column":65}},"97":{"start":{"line":98,"column":0},"end":{"line":98,"column":40}},"98":{"start":{"line":99,"column":0},"end":{"line":99,"column":61}},"99":{"start":{"line":100,"column":0},"end":{"line":100,"column":20}},"100":{"start":{"line":101,"column":0},"end":{"line":101,"column":25}},"101":{"start":{"line":102,"column":0},"end":{"line":102,"column":22}},"102":{"start":{"line":103,"column":0},"end":{"line":103,"column":22}},"103":{"start":{"line":104,"column":0},"end":{"line":104,"column":26}},"104":{"start":{"line":105,"column":0},"end":{"line":105,"column":14}},"105":{"start":{"line":106,"column":0},"end":{"line":106,"column":38}},"106":{"start":{"line":107,"column":0},"end":{"line":107,"column":59}},"107":{"start":{"line":108,"column":0},"end":{"line":108,"column":25}},"108":{"start":{"line":109,"column":0},"end":{"line":109,"column":32}},"109":{"start":{"line":110,"column":0},"end":{"line":110,"column":39}},"110":{"start":{"line":111,"column":0},"end":{"line":111,"column":31}},"111":{"start":{"line":112,"column":0},"end":{"line":112,"column":90}},"112":{"start":{"line":113,"column":0},"end":{"line":113,"column":13}},"113":{"start":{"line":114,"column":0},"end":{"line":114,"column":11}},"114":{"start":{"line":115,"column":0},"end":{"line":115,"column":9}},"115":{"start":{"line":116,"column":0},"end":{"line":116,"column":7}},"116":{"start":{"line":117,"column":0},"end":{"line":117,"column":5}},"117":{"start":{"line":118,"column":0},"end":{"line":118,"column":0}},"118":{"start":{"line":119,"column":0},"end":{"line":119,"column":43}},"119":{"start":{"line":120,"column":0},"end":{"line":120,"column":54}},"120":{"start":{"line":121,"column":0},"end":{"line":121,"column":89}},"121":{"start":{"line":122,"column":0},"end":{"line":122,"column":5}},"122":{"start":{"line":123,"column":0},"end":{"line":123,"column":0}},"123":{"start":{"line":124,"column":0},"end":{"line":124,"column":32}},"124":{"start":{"line":125,"column":0},"end":{"line":125,"column":52}},"125":{"start":{"line":126,"column":0},"end":{"line":126,"column":0}},"126":{"start":{"line":127,"column":0},"end":{"line":127,"column":19}},"127":{"start":{"line":128,"column":0},"end":{"line":128,"column":30}},"128":{"start":{"line":129,"column":0},"end":{"line":129,"column":24}},"129":{"start":{"line":130,"column":0},"end":{"line":130,"column":28}},"130":{"start":{"line":131,"column":0},"end":{"line":131,"column":7}},"131":{"start":{"line":132,"column":0},"end":{"line":132,"column":0}},"132":{"start":{"line":133,"column":0},"end":{"line":133,"column":23}},"133":{"start":{"line":134,"column":0},"end":{"line":134,"column":60}},"134":{"start":{"line":135,"column":0},"end":{"line":135,"column":32}},"135":{"start":{"line":136,"column":0},"end":{"line":136,"column":38}},"136":{"start":{"line":137,"column":0},"end":{"line":137,"column":9}},"137":{"start":{"line":138,"column":0},"end":{"line":138,"column":5}},"138":{"start":{"line":139,"column":0},"end":{"line":139,"column":0}},"139":{"start":{"line":140,"column":0},"end":{"line":140,"column":21}},"140":{"start":{"line":141,"column":0},"end":{"line":141,"column":3}},"141":{"start":{"line":142,"column":0},"end":{"line":142,"column":0}},"142":{"start":{"line":143,"column":0},"end":{"line":143,"column":5}},"143":{"start":{"line":144,"column":0},"end":{"line":144,"column":42}},"144":{"start":{"line":145,"column":0},"end":{"line":145,"column":5}},"145":{"start":{"line":146,"column":0},"end":{"line":146,"column":31}},"146":{"start":{"line":147,"column":0},"end":{"line":147,"column":36}},"147":{"start":{"line":148,"column":0},"end":{"line":148,"column":54}},"148":{"start":{"line":149,"column":0},"end":{"line":149,"column":52}},"149":{"start":{"line":150,"column":0},"end":{"line":150,"column":58}},"150":{"start":{"line":151,"column":0},"end":{"line":151,"column":72}},"151":{"start":{"line":152,"column":0},"end":{"line":152,"column":36}},"152":{"start":{"line":153,"column":0},"end":{"line":153,"column":5}},"153":{"start":{"line":154,"column":0},"end":{"line":154,"column":39}},"154":{"start":{"line":155,"column":0},"end":{"line":155,"column":18}},"155":{"start":{"line":156,"column":0},"end":{"line":156,"column":23}},"156":{"start":{"line":157,"column":0},"end":{"line":157,"column":20}},"157":{"start":{"line":158,"column":0},"end":{"line":158,"column":20}},"158":{"start":{"line":159,"column":0},"end":{"line":159,"column":25}},"159":{"start":{"line":160,"column":0},"end":{"line":160,"column":27}},"160":{"start":{"line":161,"column":0},"end":{"line":161,"column":53}},"161":{"start":{"line":162,"column":0},"end":{"line":162,"column":55}},"162":{"start":{"line":163,"column":0},"end":{"line":163,"column":55}},"163":{"start":{"line":164,"column":0},"end":{"line":164,"column":0}},"164":{"start":{"line":165,"column":0},"end":{"line":165,"column":20}},"165":{"start":{"line":166,"column":0},"end":{"line":166,"column":106}},"166":{"start":{"line":167,"column":0},"end":{"line":167,"column":48}},"167":{"start":{"line":168,"column":0},"end":{"line":168,"column":48}},"168":{"start":{"line":169,"column":0},"end":{"line":169,"column":76}},"169":{"start":{"line":170,"column":0},"end":{"line":170,"column":49}},"170":{"start":{"line":171,"column":0},"end":{"line":171,"column":59}},"171":{"start":{"line":172,"column":0},"end":{"line":172,"column":0}},"172":{"start":{"line":173,"column":0},"end":{"line":173,"column":23}},"173":{"start":{"line":174,"column":0},"end":{"line":174,"column":61}},"174":{"start":{"line":175,"column":0},"end":{"line":175,"column":19}},"175":{"start":{"line":176,"column":0},"end":{"line":176,"column":28}},"176":{"start":{"line":177,"column":0},"end":{"line":177,"column":28}},"177":{"start":{"line":178,"column":0},"end":{"line":178,"column":9}},"178":{"start":{"line":179,"column":0},"end":{"line":179,"column":5}},"179":{"start":{"line":180,"column":0},"end":{"line":180,"column":0}},"180":{"start":{"line":181,"column":0},"end":{"line":181,"column":23}},"181":{"start":{"line":182,"column":0},"end":{"line":182,"column":50}},"182":{"start":{"line":183,"column":0},"end":{"line":183,"column":20}},"183":{"start":{"line":184,"column":0},"end":{"line":184,"column":16}},"184":{"start":{"line":185,"column":0},"end":{"line":185,"column":41}},"185":{"start":{"line":186,"column":0},"end":{"line":186,"column":43}},"186":{"start":{"line":187,"column":0},"end":{"line":187,"column":8}},"187":{"start":{"line":188,"column":0},"end":{"line":188,"column":7}},"188":{"start":{"line":189,"column":0},"end":{"line":189,"column":0}},"189":{"start":{"line":190,"column":0},"end":{"line":190,"column":20}},"190":{"start":{"line":191,"column":0},"end":{"line":191,"column":23}},"191":{"start":{"line":192,"column":0},"end":{"line":192,"column":75}},"192":{"start":{"line":193,"column":0},"end":{"line":193,"column":86}},"193":{"start":{"line":194,"column":0},"end":{"line":194,"column":5}},"194":{"start":{"line":195,"column":0},"end":{"line":195,"column":0}},"195":{"start":{"line":196,"column":0},"end":{"line":196,"column":21}},"196":{"start":{"line":197,"column":0},"end":{"line":197,"column":52}},"197":{"start":{"line":198,"column":0},"end":{"line":198,"column":70}},"198":{"start":{"line":199,"column":0},"end":{"line":199,"column":7}},"199":{"start":{"line":200,"column":0},"end":{"line":200,"column":0}},"200":{"start":{"line":201,"column":0},"end":{"line":201,"column":23}},"201":{"start":{"line":202,"column":0},"end":{"line":202,"column":39}},"202":{"start":{"line":203,"column":0},"end":{"line":203,"column":72}},"203":{"start":{"line":204,"column":0},"end":{"line":204,"column":0}},"204":{"start":{"line":205,"column":0},"end":{"line":205,"column":23}},"205":{"start":{"line":206,"column":0},"end":{"line":206,"column":63}},"206":{"start":{"line":207,"column":0},"end":{"line":207,"column":19}},"207":{"start":{"line":208,"column":0},"end":{"line":208,"column":35}},"208":{"start":{"line":209,"column":0},"end":{"line":209,"column":49}},"209":{"start":{"line":210,"column":0},"end":{"line":210,"column":9}},"210":{"start":{"line":211,"column":0},"end":{"line":211,"column":5}},"211":{"start":{"line":212,"column":0},"end":{"line":212,"column":0}},"212":{"start":{"line":213,"column":0},"end":{"line":213,"column":28}},"213":{"start":{"line":214,"column":0},"end":{"line":214,"column":3}},"214":{"start":{"line":215,"column":0},"end":{"line":215,"column":0}},"215":{"start":{"line":216,"column":0},"end":{"line":216,"column":5}},"216":{"start":{"line":217,"column":0},"end":{"line":217,"column":55}},"217":{"start":{"line":218,"column":0},"end":{"line":218,"column":52}},"218":{"start":{"line":219,"column":0},"end":{"line":219,"column":5}},"219":{"start":{"line":220,"column":0},"end":{"line":220,"column":58}},"220":{"start":{"line":221,"column":0},"end":{"line":221,"column":65}},"221":{"start":{"line":222,"column":0},"end":{"line":222,"column":36}},"222":{"start":{"line":223,"column":0},"end":{"line":223,"column":5}},"223":{"start":{"line":224,"column":0},"end":{"line":224,"column":30}},"224":{"start":{"line":225,"column":0},"end":{"line":225,"column":33}},"225":{"start":{"line":226,"column":0},"end":{"line":226,"column":20}},"226":{"start":{"line":227,"column":0},"end":{"line":227,"column":15}},"227":{"start":{"line":228,"column":0},"end":{"line":228,"column":20}},"228":{"start":{"line":229,"column":0},"end":{"line":229,"column":23}},"229":{"start":{"line":230,"column":0},"end":{"line":230,"column":25}},"230":{"start":{"line":231,"column":0},"end":{"line":231,"column":21}},"231":{"start":{"line":232,"column":0},"end":{"line":232,"column":23}},"232":{"start":{"line":233,"column":0},"end":{"line":233,"column":7}},"233":{"start":{"line":234,"column":0},"end":{"line":234,"column":21}},"234":{"start":{"line":235,"column":0},"end":{"line":235,"column":22}},"235":{"start":{"line":236,"column":0},"end":{"line":236,"column":9}},"236":{"start":{"line":237,"column":0},"end":{"line":237,"column":56}},"237":{"start":{"line":238,"column":0},"end":{"line":238,"column":21}},"238":{"start":{"line":239,"column":0},"end":{"line":239,"column":107}},"239":{"start":{"line":240,"column":0},"end":{"line":240,"column":5}},"240":{"start":{"line":241,"column":0},"end":{"line":241,"column":0}},"241":{"start":{"line":242,"column":0},"end":{"line":242,"column":26}},"242":{"start":{"line":243,"column":0},"end":{"line":243,"column":77}},"243":{"start":{"line":244,"column":0},"end":{"line":244,"column":82}},"244":{"start":{"line":245,"column":0},"end":{"line":245,"column":0}},"245":{"start":{"line":246,"column":0},"end":{"line":246,"column":23}},"246":{"start":{"line":247,"column":0},"end":{"line":247,"column":67}},"247":{"start":{"line":248,"column":0},"end":{"line":248,"column":5}},"248":{"start":{"line":249,"column":0},"end":{"line":249,"column":0}},"249":{"start":{"line":250,"column":0},"end":{"line":250,"column":50}},"250":{"start":{"line":251,"column":0},"end":{"line":251,"column":20}},"251":{"start":{"line":252,"column":0},"end":{"line":252,"column":16}},"252":{"start":{"line":253,"column":0},"end":{"line":253,"column":41}},"253":{"start":{"line":254,"column":0},"end":{"line":254,"column":43}},"254":{"start":{"line":255,"column":0},"end":{"line":255,"column":8}},"255":{"start":{"line":256,"column":0},"end":{"line":256,"column":7}},"256":{"start":{"line":257,"column":0},"end":{"line":257,"column":0}},"257":{"start":{"line":258,"column":0},"end":{"line":258,"column":23}},"258":{"start":{"line":259,"column":0},"end":{"line":259,"column":75}},"259":{"start":{"line":260,"column":0},"end":{"line":260,"column":6}},"260":{"start":{"line":261,"column":0},"end":{"line":261,"column":38}},"261":{"start":{"line":262,"column":0},"end":{"line":262,"column":36}},"262":{"start":{"line":263,"column":0},"end":{"line":263,"column":13}},"263":{"start":{"line":264,"column":0},"end":{"line":264,"column":63}},"264":{"start":{"line":265,"column":0},"end":{"line":265,"column":33}},"265":{"start":{"line":266,"column":0},"end":{"line":266,"column":61}},"266":{"start":{"line":267,"column":0},"end":{"line":267,"column":26}},"267":{"start":{"line":268,"column":0},"end":{"line":268,"column":22}},"268":{"start":{"line":269,"column":0},"end":{"line":269,"column":47}},"269":{"start":{"line":270,"column":0},"end":{"line":270,"column":49}},"270":{"start":{"line":271,"column":0},"end":{"line":271,"column":14}},"271":{"start":{"line":272,"column":0},"end":{"line":272,"column":13}},"272":{"start":{"line":273,"column":0},"end":{"line":273,"column":10}},"273":{"start":{"line":274,"column":0},"end":{"line":274,"column":34}},"274":{"start":{"line":275,"column":0},"end":{"line":275,"column":83}},"275":{"start":{"line":276,"column":0},"end":{"line":276,"column":11}},"276":{"start":{"line":277,"column":0},"end":{"line":277,"column":10}},"277":{"start":{"line":278,"column":0},"end":{"line":278,"column":68}},"278":{"start":{"line":279,"column":0},"end":{"line":279,"column":76}},"279":{"start":{"line":280,"column":0},"end":{"line":280,"column":13}},"280":{"start":{"line":281,"column":0},"end":{"line":281,"column":10}},"281":{"start":{"line":282,"column":0},"end":{"line":282,"column":63}},"282":{"start":{"line":283,"column":0},"end":{"line":283,"column":30}},"283":{"start":{"line":284,"column":0},"end":{"line":284,"column":153}},"284":{"start":{"line":285,"column":0},"end":{"line":285,"column":9}},"285":{"start":{"line":286,"column":0},"end":{"line":286,"column":7}},"286":{"start":{"line":287,"column":0},"end":{"line":287,"column":6}},"287":{"start":{"line":288,"column":0},"end":{"line":288,"column":86}},"288":{"start":{"line":289,"column":0},"end":{"line":289,"column":5}},"289":{"start":{"line":290,"column":0},"end":{"line":290,"column":0}},"290":{"start":{"line":291,"column":0},"end":{"line":291,"column":52}},"291":{"start":{"line":292,"column":0},"end":{"line":292,"column":70}},"292":{"start":{"line":293,"column":0},"end":{"line":293,"column":7}},"293":{"start":{"line":294,"column":0},"end":{"line":294,"column":0}},"294":{"start":{"line":295,"column":0},"end":{"line":295,"column":52}},"295":{"start":{"line":296,"column":0},"end":{"line":296,"column":3}},"296":{"start":{"line":297,"column":0},"end":{"line":297,"column":0}},"297":{"start":{"line":298,"column":0},"end":{"line":298,"column":5}},"298":{"start":{"line":299,"column":0},"end":{"line":299,"column":60}},"299":{"start":{"line":300,"column":0},"end":{"line":300,"column":5}},"300":{"start":{"line":301,"column":0},"end":{"line":301,"column":48}},"301":{"start":{"line":302,"column":0},"end":{"line":302,"column":44}},"302":{"start":{"line":303,"column":0},"end":{"line":303,"column":5}},"303":{"start":{"line":304,"column":0},"end":{"line":304,"column":54}},"304":{"start":{"line":305,"column":0},"end":{"line":305,"column":15}},"305":{"start":{"line":306,"column":0},"end":{"line":306,"column":20}},"306":{"start":{"line":307,"column":0},"end":{"line":307,"column":23}},"307":{"start":{"line":308,"column":0},"end":{"line":308,"column":25}},"308":{"start":{"line":309,"column":0},"end":{"line":309,"column":21}},"309":{"start":{"line":310,"column":0},"end":{"line":310,"column":23}},"310":{"start":{"line":311,"column":0},"end":{"line":311,"column":6}},"311":{"start":{"line":312,"column":0},"end":{"line":312,"column":28}},"312":{"start":{"line":313,"column":0},"end":{"line":313,"column":17}},"313":{"start":{"line":314,"column":0},"end":{"line":314,"column":22}},"314":{"start":{"line":315,"column":0},"end":{"line":315,"column":25}},"315":{"start":{"line":316,"column":0},"end":{"line":316,"column":27}},"316":{"start":{"line":317,"column":0},"end":{"line":317,"column":23}},"317":{"start":{"line":318,"column":0},"end":{"line":318,"column":25}},"318":{"start":{"line":319,"column":0},"end":{"line":319,"column":12}},"319":{"start":{"line":320,"column":0},"end":{"line":320,"column":0}},"320":{"start":{"line":321,"column":0},"end":{"line":321,"column":31}},"321":{"start":{"line":322,"column":0},"end":{"line":322,"column":54}},"322":{"start":{"line":323,"column":0},"end":{"line":323,"column":17}},"323":{"start":{"line":324,"column":0},"end":{"line":324,"column":7}},"324":{"start":{"line":325,"column":0},"end":{"line":325,"column":0}},"325":{"start":{"line":326,"column":0},"end":{"line":326,"column":32}},"326":{"start":{"line":327,"column":0},"end":{"line":327,"column":20}},"327":{"start":{"line":328,"column":0},"end":{"line":328,"column":25}},"328":{"start":{"line":329,"column":0},"end":{"line":329,"column":31}},"329":{"start":{"line":330,"column":0},"end":{"line":330,"column":8}},"330":{"start":{"line":331,"column":0},"end":{"line":331,"column":0}},"331":{"start":{"line":332,"column":0},"end":{"line":332,"column":46}},"332":{"start":{"line":333,"column":0},"end":{"line":333,"column":17}},"333":{"start":{"line":334,"column":0},"end":{"line":334,"column":7}},"334":{"start":{"line":335,"column":0},"end":{"line":335,"column":0}},"335":{"start":{"line":336,"column":0},"end":{"line":336,"column":22}},"336":{"start":{"line":337,"column":0},"end":{"line":337,"column":24}},"337":{"start":{"line":338,"column":0},"end":{"line":338,"column":34}},"338":{"start":{"line":339,"column":0},"end":{"line":339,"column":79}},"339":{"start":{"line":340,"column":0},"end":{"line":340,"column":91}},"340":{"start":{"line":341,"column":0},"end":{"line":341,"column":45}},"341":{"start":{"line":342,"column":0},"end":{"line":342,"column":9}},"342":{"start":{"line":343,"column":0},"end":{"line":343,"column":5}},"343":{"start":{"line":344,"column":0},"end":{"line":344,"column":0}},"344":{"start":{"line":345,"column":0},"end":{"line":345,"column":21}},"345":{"start":{"line":346,"column":0},"end":{"line":346,"column":3}},"346":{"start":{"line":347,"column":0},"end":{"line":347,"column":0}},"347":{"start":{"line":348,"column":0},"end":{"line":348,"column":5}},"348":{"start":{"line":349,"column":0},"end":{"line":349,"column":28}},"349":{"start":{"line":350,"column":0},"end":{"line":350,"column":66}},"350":{"start":{"line":351,"column":0},"end":{"line":351,"column":5}},"351":{"start":{"line":352,"column":0},"end":{"line":352,"column":22}},"352":{"start":{"line":353,"column":0},"end":{"line":353,"column":23}},"353":{"start":{"line":354,"column":0},"end":{"line":354,"column":3}},"354":{"start":{"line":355,"column":0},"end":{"line":355,"column":0}},"355":{"start":{"line":356,"column":0},"end":{"line":356,"column":5}},"356":{"start":{"line":357,"column":0},"end":{"line":357,"column":60}},"357":{"start":{"line":358,"column":0},"end":{"line":358,"column":5}},"358":{"start":{"line":359,"column":0},"end":{"line":359,"column":47}},"359":{"start":{"line":360,"column":0},"end":{"line":360,"column":54}},"360":{"start":{"line":361,"column":0},"end":{"line":361,"column":52}},"361":{"start":{"line":362,"column":0},"end":{"line":362,"column":30}},"362":{"start":{"line":363,"column":0},"end":{"line":363,"column":5}},"363":{"start":{"line":364,"column":0},"end":{"line":364,"column":88}},"364":{"start":{"line":365,"column":0},"end":{"line":365,"column":56}},"365":{"start":{"line":366,"column":0},"end":{"line":366,"column":48}},"366":{"start":{"line":367,"column":0},"end":{"line":367,"column":3}},"367":{"start":{"line":368,"column":0},"end":{"line":368,"column":1}}},"s":{"0":1,"1":1,"2":1,"3":1,"4":1,"5":1,"6":1,"7":1,"8":1,"9":1,"10":1,"11":1,"12":1,"13":1,"14":1,"15":1,"16":1,"17":1,"18":1,"19":1,"20":1,"21":1,"22":1,"23":1,"24":1,"25":1,"26":1,"27":1,"28":1,"29":1,"30":1,"31":1,"32":7,"33":7,"34":1,"35":1,"36":1,"37":1,"38":1,"39":1,"40":1,"41":1,"42":1,"43":1,"44":1,"45":1,"46":7,"47":7,"48":7,"49":7,"50":7,"51":7,"52":7,"53":7,"54":7,"55":1,"56":0,"57":0,"58":0,"59":0,"60":0,"61":1,"62":1,"63":6,"64":6,"65":6,"66":6,"67":6,"68":7,"69":0,"70":0,"71":6,"72":6,"73":6,"74":6,"75":6,"76":6,"77":6,"78":6,"79":6,"80":6,"81":6,"82":6,"83":6,"84":6,"85":4,"86":6,"87":2,"88":2,"89":2,"90":2,"91":2,"92":1,"93":0,"94":0,"95":1,"96":1,"97":1,"98":1,"99":1,"100":1,"101":1,"102":1,"103":1,"104":1,"105":1,"106":1,"107":1,"108":1,"109":0,"110":0,"111":0,"112":0,"113":0,"114":1,"115":2,"116":6,"117":6,"118":6,"119":7,"120":1,"121":1,"122":5,"123":5,"124":5,"125":5,"126":5,"127":5,"128":5,"129":5,"130":5,"131":5,"132":7,"133":0,"134":0,"135":0,"136":0,"137":0,"138":5,"139":5,"140":7,"141":1,"142":1,"143":1,"144":1,"145":1,"146":1,"147":1,"148":1,"149":1,"150":1,"151":1,"152":1,"153":1,"154":7,"155":7,"156":7,"157":7,"158":7,"159":7,"160":7,"161":7,"162":7,"163":7,"164":7,"165":7,"166":7,"167":7,"168":7,"169":7,"170":7,"171":7,"172":7,"173":0,"174":0,"175":0,"176":0,"177":0,"178":0,"179":7,"180":7,"181":7,"182":7,"183":7,"184":7,"185":7,"186":7,"187":7,"188":7,"189":7,"190":7,"191":2,"192":2,"193":2,"194":5,"195":5,"196":5,"197":0,"198":5,"199":5,"200":5,"201":7,"202":7,"203":7,"204":7,"205":0,"206":0,"207":0,"208":0,"209":0,"210":0,"211":5,"212":5,"213":7,"214":1,"215":1,"216":1,"217":1,"218":1,"219":1,"220":1,"221":1,"222":1,"223":1,"224":2,"225":2,"226":2,"227":2,"228":2,"229":2,"230":2,"231":2,"232":2,"233":2,"234":2,"235":2,"236":2,"237":2,"238":0,"239":0,"240":2,"241":2,"242":2,"243":2,"244":2,"245":2,"246":0,"247":0,"248":2,"249":2,"250":2,"251":2,"252":2,"253":2,"254":2,"255":2,"256":2,"257":2,"258":1,"259":1,"260":1,"261":1,"262":1,"263":1,"264":1,"265":1,"266":1,"267":1,"268":1,"269":1,"270":1,"271":1,"272":1,"273":1,"274":0,"275":0,"276":1,"277":1,"278":0,"279":1,"280":1,"281":1,"282":1,"283":0,"284":0,"285":1,"286":0,"287":0,"288":0,"289":1,"290":1,"291":0,"292":1,"293":1,"294":2,"295":2,"296":1,"297":1,"298":1,"299":1,"300":1,"301":1,"302":1,"303":1,"304":2,"305":2,"306":2,"307":2,"308":2,"309":2,"310":2,"311":2,"312":2,"313":2,"314":2,"315":2,"316":2,"317":2,"318":2,"319":2,"320":2,"321":3,"322":0,"323":0,"324":3,"325":3,"326":3,"327":3,"328":3,"329":3,"330":3,"331":3,"332":0,"333":0,"334":3,"335":3,"336":3,"337":3,"338":3,"339":3,"340":3,"341":3,"342":3,"343":2,"344":2,"345":2,"346":1,"347":1,"348":1,"349":1,"350":1,"351":1,"352":1,"353":1,"354":1,"355":1,"356":1,"357":1,"358":1,"359":1,"360":1,"361":1,"362":1,"363":1,"364":7,"365":7,"366":7,"367":1},"branchMap":{"0":{"type":"branch","line":32,"loc":{"start":{"line":32,"column":2},"end":{"line":34,"column":3}},"locations":[{"start":{"line":32,"column":2},"end":{"line":34,"column":3}}]},"1":{"type":"branch","line":46,"loc":{"start":{"line":46,"column":2},"end":{"line":141,"column":3}},"locations":[{"start":{"line":46,"column":2},"end":{"line":141,"column":3}}]},"2":{"type":"branch","line":55,"loc":{"start":{"line":55,"column":8},"end":{"line":55,"column":65}},"locations":[{"start":{"line":55,"column":8},"end":{"line":55,"column":65}}]},"3":{"type":"branch","line":55,"loc":{"start":{"line":55,"column":65},"end":{"line":63,"column":5}},"locations":[{"start":{"line":55,"column":65},"end":{"line":63,"column":5}}]},"4":{"type":"branch","line":56,"loc":{"start":{"line":56,"column":24},"end":{"line":61,"column":7}},"locations":[{"start":{"line":56,"column":24},"end":{"line":61,"column":7}}]},"5":{"type":"branch","line":63,"loc":{"start":{"line":63,"column":4},"end":{"line":69,"column":13}},"locations":[{"start":{"line":63,"column":4},"end":{"line":69,"column":13}}]},"6":{"type":"branch","line":69,"loc":{"start":{"line":69,"column":4},"end":{"line":71,"column":5}},"locations":[{"start":{"line":69,"column":4},"end":{"line":71,"column":5}}]},"7":{"type":"branch","line":71,"loc":{"start":{"line":71,"column":4},"end":{"line":120,"column":34}},"locations":[{"start":{"line":71,"column":4},"end":{"line":120,"column":34}}]},"8":{"type":"branch","line":85,"loc":{"start":{"line":85,"column":8},"end":{"line":87,"column":15}},"locations":[{"start":{"line":85,"column":8},"end":{"line":87,"column":15}}]},"9":{"type":"branch","line":87,"loc":{"start":{"line":87,"column":6},"end":{"line":116,"column":7}},"locations":[{"start":{"line":87,"column":6},"end":{"line":116,"column":7}}]},"10":{"type":"branch","line":88,"loc":{"start":{"line":88,"column":60},"end":{"line":88,"column":84}},"locations":[{"start":{"line":88,"column":60},"end":{"line":88,"column":84}}]},"11":{"type":"branch","line":92,"loc":{"start":{"line":92,"column":39},"end":{"line":92,"column":83}},"locations":[{"start":{"line":92,"column":39},"end":{"line":92,"column":83}}]},"12":{"type":"branch","line":92,"loc":{"start":{"line":92,"column":83},"end":{"line":115,"column":9}},"locations":[{"start":{"line":92,"column":83},"end":{"line":115,"column":9}}]},"13":{"type":"branch","line":93,"loc":{"start":{"line":93,"column":28},"end":{"line":95,"column":11}},"locations":[{"start":{"line":93,"column":28},"end":{"line":95,"column":11}}]},"14":{"type":"branch","line":109,"loc":{"start":{"line":109,"column":10},"end":{"line":114,"column":11}},"locations":[{"start":{"line":109,"column":10},"end":{"line":114,"column":11}}]},"15":{"type":"branch","line":120,"loc":{"start":{"line":120,"column":29},"end":{"line":120,"column":53}},"locations":[{"start":{"line":120,"column":29},"end":{"line":120,"column":53}}]},"16":{"type":"branch","line":120,"loc":{"start":{"line":120,"column":53},"end":{"line":122,"column":5}},"locations":[{"start":{"line":120,"column":53},"end":{"line":122,"column":5}}]},"17":{"type":"branch","line":122,"loc":{"start":{"line":122,"column":4},"end":{"line":133,"column":22}},"locations":[{"start":{"line":122,"column":4},"end":{"line":133,"column":22}}]},"18":{"type":"branch","line":133,"loc":{"start":{"line":133,"column":22},"end":{"line":138,"column":5}},"locations":[{"start":{"line":133,"column":22},"end":{"line":138,"column":5}}]},"19":{"type":"branch","line":138,"loc":{"start":{"line":138,"column":4},"end":{"line":140,"column":21}},"locations":[{"start":{"line":138,"column":4},"end":{"line":140,"column":21}}]},"20":{"type":"branch","line":125,"loc":{"start":{"line":125,"column":19},"end":{"line":125,"column":50}},"locations":[{"start":{"line":125,"column":19},"end":{"line":125,"column":50}}]},"21":{"type":"branch","line":154,"loc":{"start":{"line":154,"column":2},"end":{"line":214,"column":3}},"locations":[{"start":{"line":154,"column":2},"end":{"line":214,"column":3}}]},"22":{"type":"branch","line":173,"loc":{"start":{"line":173,"column":22},"end":{"line":179,"column":5}},"locations":[{"start":{"line":173,"column":22},"end":{"line":179,"column":5}}]},"23":{"type":"branch","line":191,"loc":{"start":{"line":191,"column":22},"end":{"line":194,"column":5}},"locations":[{"start":{"line":191,"column":22},"end":{"line":194,"column":5}}]},"24":{"type":"branch","line":194,"loc":{"start":{"line":194,"column":4},"end":{"line":202,"column":36}},"locations":[{"start":{"line":194,"column":4},"end":{"line":202,"column":36}}]},"25":{"type":"branch","line":202,"loc":{"start":{"line":202,"column":27},"end":{"line":202,"column":39}},"locations":[{"start":{"line":202,"column":27},"end":{"line":202,"column":39}}]},"26":{"type":"branch","line":205,"loc":{"start":{"line":205,"column":22},"end":{"line":211,"column":5}},"locations":[{"start":{"line":205,"column":22},"end":{"line":211,"column":5}}]},"27":{"type":"branch","line":211,"loc":{"start":{"line":211,"column":4},"end":{"line":213,"column":28}},"locations":[{"start":{"line":211,"column":4},"end":{"line":213,"column":28}}]},"28":{"type":"branch","line":224,"loc":{"start":{"line":224,"column":2},"end":{"line":296,"column":3}},"locations":[{"start":{"line":224,"column":2},"end":{"line":296,"column":3}}]},"29":{"type":"branch","line":238,"loc":{"start":{"line":238,"column":4},"end":{"line":240,"column":5}},"locations":[{"start":{"line":238,"column":4},"end":{"line":240,"column":5}}]},"30":{"type":"branch","line":246,"loc":{"start":{"line":246,"column":22},"end":{"line":248,"column":5}},"locations":[{"start":{"line":246,"column":22},"end":{"line":248,"column":5}}]},"31":{"type":"branch","line":258,"loc":{"start":{"line":258,"column":22},"end":{"line":295,"column":48}},"locations":[{"start":{"line":258,"column":22},"end":{"line":295,"column":48}}]},"32":{"type":"branch","line":274,"loc":{"start":{"line":274,"column":33},"end":{"line":276,"column":11}},"locations":[{"start":{"line":274,"column":33},"end":{"line":276,"column":11}}]},"33":{"type":"branch","line":282,"loc":{"start":{"line":282,"column":50},"end":{"line":282,"column":61}},"locations":[{"start":{"line":282,"column":50},"end":{"line":282,"column":61}}]},"34":{"type":"branch","line":283,"loc":{"start":{"line":283,"column":8},"end":{"line":285,"column":9}},"locations":[{"start":{"line":283,"column":8},"end":{"line":285,"column":9}}]},"35":{"type":"branch","line":286,"loc":{"start":{"line":286,"column":6},"end":{"line":289,"column":5}},"locations":[{"start":{"line":286,"column":6},"end":{"line":289,"column":5}}]},"36":{"type":"branch","line":295,"loc":{"start":{"line":295,"column":39},"end":{"line":295,"column":50}},"locations":[{"start":{"line":295,"column":39},"end":{"line":295,"column":50}}]},"37":{"type":"branch","line":304,"loc":{"start":{"line":304,"column":10},"end":{"line":346,"column":3}},"locations":[{"start":{"line":304,"column":10},"end":{"line":346,"column":3}}]},"38":{"type":"branch","line":321,"loc":{"start":{"line":321,"column":30},"end":{"line":343,"column":5}},"locations":[{"start":{"line":321,"column":30},"end":{"line":343,"column":5}}]},"39":{"type":"branch","line":322,"loc":{"start":{"line":322,"column":53},"end":{"line":324,"column":7}},"locations":[{"start":{"line":322,"column":53},"end":{"line":324,"column":7}}]},"40":{"type":"branch","line":332,"loc":{"start":{"line":332,"column":45},"end":{"line":334,"column":7}},"locations":[{"start":{"line":332,"column":45},"end":{"line":334,"column":7}}]},"41":{"type":"branch","line":352,"loc":{"start":{"line":352,"column":2},"end":{"line":354,"column":3}},"locations":[{"start":{"line":352,"column":2},"end":{"line":354,"column":3}}]},"42":{"type":"branch","line":364,"loc":{"start":{"line":364,"column":10},"end":{"line":367,"column":3}},"locations":[{"start":{"line":364,"column":10},"end":{"line":367,"column":3}}]}},"b":{"0":[7],"1":[7],"2":[1],"3":[1],"4":[0],"5":[6],"6":[0],"7":[6],"8":[4],"9":[2],"10":[0],"11":[1],"12":[1],"13":[0],"14":[0],"15":[1],"16":[1],"17":[5],"18":[0],"19":[5],"20":[10],"21":[7],"22":[0],"23":[2],"24":[5],"25":[0],"26":[0],"27":[5],"28":[2],"29":[0],"30":[0],"31":[1],"32":[0],"33":[0],"34":[0],"35":[0],"36":[0],"37":[2],"38":[3],"39":[0],"40":[0],"41":[1],"42":[7]},"fnMap":{"0":{"name":"GoogleCalendarClient","decl":{"start":{"line":32,"column":2},"end":{"line":34,"column":3}},"loc":{"start":{"line":32,"column":2},"end":{"line":34,"column":3}},"line":32},"1":{"name":"fetchEvents","decl":{"start":{"line":46,"column":2},"end":{"line":141,"column":3}},"loc":{"start":{"line":46,"column":2},"end":{"line":141,"column":3}},"line":46},"2":{"name":"fetchEventsForCalendar","decl":{"start":{"line":154,"column":2},"end":{"line":214,"column":3}},"loc":{"start":{"line":154,"column":2},"end":{"line":214,"column":3}},"line":154},"3":{"name":"getAvailableCalendars","decl":{"start":{"line":224,"column":2},"end":{"line":296,"column":3}},"loc":{"start":{"line":224,"column":2},"end":{"line":296,"column":3}},"line":224},"4":{"name":"parseCalendarList","decl":{"start":{"line":304,"column":10},"end":{"line":346,"column":3}},"loc":{"start":{"line":304,"column":10},"end":{"line":346,"column":3}},"line":304},"5":{"name":"clearCache","decl":{"start":{"line":352,"column":2},"end":{"line":354,"column":3}},"loc":{"start":{"line":352,"column":2},"end":{"line":354,"column":3}},"line":352},"6":{"name":"getCacheKey","decl":{"start":{"line":364,"column":10},"end":{"line":367,"column":3}},"loc":{"start":{"line":364,"column":10},"end":{"line":367,"column":3}},"line":364}},"f":{"0":7,"1":7,"2":7,"3":2,"4":2,"5":1,"6":7}}
,"/Users/aq_home/1Projects/focusmate_cal/src/background/conflict.ts": {"path":"/Users/aq_home/1Projects/focusmate_cal/src/background/conflict.ts","all":false,"statementMap":{"0":{"start":{"line":1,"column":0},"end":{"line":1,"column":3}},"1":{"start":{"line":2,"column":0},"end":{"line":2,"column":36}},"2":{"start":{"line":3,"column":0},"end":{"line":3,"column":38}},"3":{"start":{"line":4,"column":0},"end":{"line":4,"column":3}},"4":{"start":{"line":5,"column":0},"end":{"line":5,"column":0}},"5":{"start":{"line":6,"column":0},"end":{"line":6,"column":80}},"6":{"start":{"line":7,"column":0},"end":{"line":7,"column":62}},"7":{"start":{"line":8,"column":0},"end":{"line":8,"column":0}},"8":{"start":{"line":9,"column":0},"end":{"line":9,"column":3}},"9":{"start":{"line":10,"column":0},"end":{"line":10,"column":52}},"10":{"start":{"line":11,"column":0},"end":{"line":11,"column":49}},"11":{"start":{"line":12,"column":0},"end":{"line":12,"column":3}},"12":{"start":{"line":13,"column":0},"end":{"line":13,"column":31}},"13":{"start":{"line":14,"column":0},"end":{"line":14,"column":5}},"14":{"start":{"line":15,"column":0},"end":{"line":15,"column":78}},"15":{"start":{"line":16,"column":0},"end":{"line":16,"column":5}},"16":{"start":{"line":17,"column":0},"end":{"line":17,"column":50}},"17":{"start":{"line":18,"column":0},"end":{"line":18,"column":52}},"18":{"start":{"line":19,"column":0},"end":{"line":19,"column":72}},"19":{"start":{"line":20,"column":0},"end":{"line":20,"column":5}},"20":{"start":{"line":21,"column":0},"end":{"line":21,"column":75}},"21":{"start":{"line":22,"column":0},"end":{"line":22,"column":25}},"22":{"start":{"line":23,"column":0},"end":{"line":23,"column":55}},"23":{"start":{"line":24,"column":0},"end":{"line":24,"column":16}},"24":{"start":{"line":25,"column":0},"end":{"line":25,"column":5}},"25":{"start":{"line":26,"column":0},"end":{"line":26,"column":0}},"26":{"start":{"line":27,"column":0},"end":{"line":27,"column":40}},"27":{"start":{"line":28,"column":0},"end":{"line":28,"column":46}},"28":{"start":{"line":29,"column":0},"end":{"line":29,"column":3}},"29":{"start":{"line":30,"column":0},"end":{"line":30,"column":1}}},"s":{"0":1,"1":1,"2":1,"3":1,"4":1,"5":1,"6":1,"7":1,"8":1,"9":1,"10":1,"11":1,"12":1,"13":1,"14":1,"15":1,"16":1,"17":1,"18":1,"19":1,"20":1,"21":4,"22":4,"23":2,"24":2,"25":2,"26":2,"27":2,"28":4,"29":1},"branchMap":{"0":{"type":"branch","line":21,"loc":{"start":{"line":21,"column":2},"end":{"line":29,"column":3}},"locations":[{"start":{"line":21,"column":2},"end":{"line":29,"column":3}}]},"1":{"type":"branch","line":23,"loc":{"start":{"line":23,"column":28},"end":{"line":23,"column":54}},"locations":[{"start":{"line":23,"column":28},"end":{"line":23,"column":54}}]},"2":{"type":"branch","line":23,"loc":{"start":{"line":23,"column":54},"end":{"line":28,"column":46}},"locations":[{"start":{"line":23,"column":54},"end":{"line":28,"column":46}}]}},"b":{"0":[4],"1":[3],"2":[2]},"fnMap":{"0":{"name":"compute","decl":{"start":{"line":21,"column":2},"end":{"line":29,"column":3}},"loc":{"start":{"line":21,"column":2},"end":{"line":29,"column":3}},"line":21}},"f":{"0":4}}
[...]
"start":{"line":31,"column":0},"end":{"line":31,"column":57}},"31":{"start":{"line":32,"column":0},"end":{"line":32,"column":31}},"32":{"start":{"line":33,"column":0},"end":{"line":33,"column":3}},"33":{"start":{"line":34,"column":0},"end":{"line":34,"column":35}},"34":{"start":{"line":35,"column":0},"end":{"line":35,"column":18}},"35":{"start":{"line":36,"column":0},"end":{"line":36,"column":16}},"36":{"start":{"line":37,"column":0},"end":{"line":37,"column":16}},"37":{"start":{"line":38,"column":0},"end":{"line":38,"column":11}},"38":{"start":{"line":39,"column":0},"end":{"line":39,"column":52}},"39":{"start":{"line":40,"column":0},"end":{"line":40,"column":22}},"40":{"start":{"line":41,"column":0},"end":{"line":41,"column":14}},"41":{"start":{"line":42,"column":0},"end":{"line":42,"column":20}},"42":{"start":{"line":43,"column":0},"end":{"line":43,"column":44}},"43":{"start":{"line":44,"column":0},"end":{"line":44,"column":56}},"44":{"start":{"line":45,"column":0},"end":{"line":45,"column":5}},"45":{"start":{"line":46,"column":0},"end":{"line":46,"column":44}},"46":{"start":{"line":47,"column":0},"end":{"line":47,"column":3}},"47":{"start":{"line":48,"column":0},"end":{"line":48,"column":0}},"48":{"start":{"line":49,"column":0},"end":{"line":49,"column":44}},"49":{"start":{"line":50,"column":0},"end":{"line":50,"column":1}},"50":{"start":{"line":51,"column":0},"end":{"line":51,"column":0}},"51":{"start":{"line":52,"column":0},"end":{"line":52,"column":3}},"52":{"start":{"line":53,"column":0},"end":{"line":53,"column":83}},"53":{"start":{"line":54,"column":0},"end":{"line":54,"column":3}},"54":{"start":{"line":55,"column":0},"end":{"line":55,"column":68}},"55":{"start":{"line":56,"column":0},"end":{"line":56,"column":3}},"56":{"start":{"line":57,"column":0},"end":{"line":57,"column":53}},"57":{"start":{"line":58,"column":0},"end":{"line":58,"column":59}},"58":{"start":{"line":59,"column":0},"end":{"line":59,"column":3}},"59":{"start":{"line":60,"column":0},"end":{"line":60,"column":42}},"60":{"start":{"line":61,"column":0},"end":{"line":61,"column":33}},"61":{"start":{"line":62,"column":0},"end":{"line":62,"column":28}},"62":{"start":{"line":63,"column":0},"end":{"line":63,"column":50}},"63":{"start":{"line":64,"column":0},"end":{"line":64,"column":65}},"64":{"start":{"line":65,"column":0},"end":{"line":65,"column":19}},"65":{"start":{"line":66,"column":0},"end":{"line":66,"column":16}},"66":{"start":{"line":67,"column":0},"end":{"line":67,"column":3}},"67":{"start":{"line":68,"column":0},"end":{"line":68,"column":0}},"68":{"start":{"line":69,"column":0},"end":{"line":69,"column":50}},"69":{"start":{"line":70,"column":0},"end":{"line":70,"column":65}},"70":{"start":{"line":71,"column":0},"end":{"line":71,"column":22}},"71":{"start":{"line":72,"column":0},"end":{"line":72,"column":16}},"72":{"start":{"line":73,"column":0},"end":{"line":73,"column":3}},"73":{"start":{"line":74,"column":0},"end":{"line":74,"column":0}},"74":{"start":{"line":75,"column":0},"end":{"line":75,"column":48}},"75":{"start":{"line":76,"column":0},"end":{"line":76,"column":59}},"76":{"start":{"line":77,"column":0},"end":{"line":77,"column":20}},"77":{"start":{"line":78,"column":0},"end":{"line":78,"column":16}},"78":{"start":{"line":79,"column":0},"end":{"line":79,"column":3}},"79":{"start":{"line":80,"column":0},"end":{"line":80,"column":0}},"80":{"start":{"line":81,"column":0},"end":{"line":81,"column":58}},"81":{"start":{"line":82,"column":0},"end":{"line":82,"column":51}},"82":{"start":{"line":83,"column":0},"end":{"line":83,"column":47}},"83":{"start":{"line":84,"column":0},"end":{"line":84,"column":0}},"84":{"start":{"line":85,"column":0},"end":{"line":85,"column":26}},"85":{"start":{"line":86,"column":0},"end":{"line":86,"column":39}},"86":{"start":{"line":87,"column":0},"end":{"line":87,"column":16}},"87":{"start":{"line":88,"column":0},"end":{"line":88,"column":3}},"88":{"start":{"line":89,"column":0},"end":{"line":89,"column":0}},"89":{"start":{"line":90,"column":0},"end":{"line":90,"column":22}},"90":{"start":{"line":91,"column":0},"end":{"line":91,"column":25}},"91":{"start":{"line":92,"column":0},"end":{"line":92,"column":16}},"92":{"start":{"line":93,"column":0},"end":{"line":93,"column":3}},"93":{"start":{"line":94,"column":0},"end":{"line":94,"column":0}},"94":{"start":{"line":95,"column":0},"end":{"line":95,"column":10}},"95":{"start":{"line":96,"column":0},"end":{"line":96,"column":18}},"96":{"start":{"line":97,"column":0},"end":{"line":97,"column":12}},"97":{"start":{"line":98,"column":0},"end":{"line":98,"column":10}},"98":{"start":{"line":99,"column":0},"end":{"line":99,"column":55}},"99":{"start":{"line":100,"column":0},"end":{"line":100,"column":20}},"100":{"start":{"line":101,"column":0},"end":{"line":101,"column":4}},"101":{"start":{"line":102,"column":0},"end":{"line":102,"column":1}},"102":{"start":{"line":103,"column":0},"end":{"line":103,"column":0}},"103":{"start":{"line":104,"column":0},"end":{"line":104,"column":3}},"104":{"start":{"line":105,"column":0},"end":{"line":105,"column":40}},"105":{"start":{"line":106,"column":0},"end":{"line":106,"column":3}},"106":{"start":{"line":107,"column":0},"end":{"line":107,"column":76}},"107":{"start":{"line":108,"column":0},"end":{"line":108,"column":76}},"108":{"start":{"line":109,"column":0},"end":{"line":109,"column":36}},"109":{"start":{"line":110,"column":0},"end":{"line":110,"column":3}},"110":{"start":{"line":111,"column":0},"end":{"line":111,"column":49}},"111":{"start":{"line":112,"column":0},"end":{"line":112,"column":56}},"112":{"start":{"line":113,"column":0},"end":{"line":113,"column":3}},"113":{"start":{"line":114,"column":0},"end":{"line":114,"column":80}},"114":{"start":{"line":115,"column":0},"end":{"line":115,"column":42}},"115":{"start":{"line":116,"column":0},"end":{"line":116,"column":0}},"116":{"start":{"line":117,"column":0},"end":{"line":117,"column":58}},"117":{"start":{"line":118,"column":0},"end":{"line":118,"column":64}},"118":{"start":{"line":119,"column":0},"end":{"line":119,"column":93}},"119":{"start":{"line":120,"column":0},"end":{"line":120,"column":2}},"120":{"start":{"line":121,"column":0},"end":{"line":121,"column":70}},"121":{"start":{"line":122,"column":0},"end":{"line":122,"column":77}},"122":{"start":{"line":123,"column":0},"end":{"line":123,"column":2}},"123":{"start":{"line":124,"column":0},"end":{"line":124,"column":76}},"124":{"start":{"line":125,"column":0},"end":{"line":125,"column":2}},"125":{"start":{"line":126,"column":0},"end":{"line":126,"column":72}},"126":{"start":{"line":127,"column":0},"end":{"line":127,"column":77}},"127":{"start":{"line":128,"column":0},"end":{"line":128,"column":34}},"128":{"start":{"line":129,"column":0},"end":{"line":129,"column":2}},"129":{"start":{"line":130,"column":0},"end":{"line":130,"column":70}},"130":{"start":{"line":131,"column":0},"end":{"line":131,"column":43}},"131":{"start":{"line":132,"column":0},"end":{"line":132,"column":18}},"132":{"start":{"line":133,"column":0},"end":{"line":133,"column":51}},"133":{"start":{"line":134,"column":0},"end":{"line":134,"column":5}},"134":{"start":{"line":135,"column":0},"end":{"line":135,"column":24}},"135":{"start":{"line":136,"column":0},"end":{"line":136,"column":77}},"136":{"start":{"line":137,"column":0},"end":{"line":137,"column":47}},"137":{"start":{"line":138,"column":0},"end":{"line":138,"column":46}},"138":{"start":{"line":139,"column":0},"end":{"line":139,"column":39}},"139":{"start":{"line":140,"column":0},"end":{"line":140,"column":44}},"140":{"start":{"line":141,"column":0},"end":{"line":141,"column":11}},"141":{"start":{"line":142,"column":0},"end":{"line":142,"column":57}},"142":{"start":{"line":143,"column":0},"end":{"line":143,"column":42}},"143":{"start":{"line":144,"column":0},"end":{"line":144,"column":49}},"144":{"start":{"line":145,"column":0},"end":{"line":145,"column":39}},"145":{"start":{"line":146,"column":0},"end":{"line":146,"column":44}},"146":{"start":{"line":147,"column":0},"end":{"line":147,"column":11}},"147":{"start":{"line":148,"column":0},"end":{"line":148,"column":9}},"148":{"start":{"line":149,"column":0},"end":{"line":149,"column":38}},"149":{"start":{"line":150,"column":0},"end":{"line":150,"column":8}},"150":{"start":{"line":151,"column":0},"end":{"line":151,"column":5}},"151":{"start":{"line":152,"column":0},"end":{"line":152,"column":4}},"152":{"start":{"line":153,"column":0},"end":{"line":153,"column":0}},"153":{"start":{"line":154,"column":0},"end":{"line":154,"column":47}},"154":{"start":{"line":155,"column":0},"end":{"line":155,"column":24}},"155":{"start":{"line":156,"column":0},"end":{"line":156,"column":0}},"156":{"start":{"line":157,"column":0},"end":{"line":157,"column":38}},"157":{"start":{"line":158,"column":0},"end":{"line":158,"column":39}},"158":{"start":{"line":159,"column":0},"end":{"line":159,"column":4}},"159":{"start":{"line":160,"column":0},"end":{"line":160,"column":43}},"160":{"start":{"line":161,"column":0},"end":{"line":161,"column":35}},"161":{"start":{"line":162,"column":0},"end":{"line":162,"column":53}},"162":{"start":{"line":163,"column":0},"end":{"line":163,"column":32}},"163":{"start":{"line":164,"column":0},"end":{"line":164,"column":5}},"164":{"start":{"line":165,"column":0},"end":{"line":165,"column":0}},"165":{"start":{"line":166,"column":0},"end":{"line":166,"column":53}},"166":{"start":{"line":167,"column":0},"end":{"line":167,"column":15}},"167":{"start":{"line":168,"column":0},"end":{"line":168,"column":5}},"168":{"start":{"line":169,"column":0},"end":{"line":169,"column":0}},"169":{"start":{"line":170,"column":0},"end":{"line":170,"column":35}},"170":{"start":{"line":171,"column":0},"end":{"line":171,"column":0}},"171":{"start":{"line":172,"column":0},"end":{"line":172,"column":45}},"172":{"start":{"line":173,"column":0},"end":{"line":173,"column":43}},"173":{"start":{"line":174,"column":0},"end":{"line":174,"column":42}},"174":{"start":{"line":175,"column":0},"end":{"line":175,"column":4}},"175":{"start":{"line":176,"column":0},"end":{"line":176,"column":16}},"176":{"start":{"line":177,"column":0},"end":{"line":177,"column":25}},"177":{"start":{"line":178,"column":0},"end":{"line":178,"column":80}},"178":{"start":{"line":179,"column":0},"end":{"line":179,"column":59}},"179":{"start":{"line":180,"column":0},"end":{"line":180,"column":41}},"180":{"start":{"line":181,"column":0},"end":{"line":181,"column":34}},"181":{"start":{"line":182,"column":0},"end":{"line":182,"column":61}},"182":{"start":{"line":183,"column":0},"end":{"line":183,"column":41}},"183":{"start":{"line":184,"column":0},"end":{"line":184,"column":52}},"184":{"start":{"line":185,"column":0},"end":{"line":185,"column":6}},"185":{"start":{"line":186,"column":0},"end":{"line":186,"column":72}},"186":{"start":{"line":187,"column":0},"end":{"line":187,"column":71}},"187":{"start":{"line":188,"column":0},"end":{"line":188,"column":54}},"188":{"start":{"line":189,"column":0},"end":{"line":189,"column":5}},"189":{"start":{"line":190,"column":0},"end":{"line":190,"column":3}},"190":{"start":{"line":191,"column":0},"end":{"line":191,"column":0}},"191":{"start":{"line":192,"column":0},"end":{"line":192,"column":81}},"192":{"start":{"line":193,"column":0},"end":{"line":193,"column":63}},"193":{"start":{"line":194,"column":0},"end":{"line":194,"column":71}},"194":{"start":{"line":195,"column":0},"end":{"line":195,"column":2}},"195":{"start":{"line":196,"column":0},"end":{"line":196,"column":18}},"196":{"start":{"line":197,"column":0},"end":{"line":197,"column":1}},"197":{"start":{"line":198,"column":0},"end":{"line":198,"column":0}},"198":{"start":{"line":199,"column":0},"end":{"line":199,"column":3}},"199":{"start":{"line":200,"column":0},"end":{"line":200,"column":49}},"200":{"start":{"line":201,"column":0},"end":{"line":201,"column":32}},"201":{"start":{"line":202,"column":0},"end":{"line":202,"column":3}},"202":{"start":{"line":203,"column":0},"end":{"line":203,"column":64}},"203":{"start":{"line":204,"column":0},"end":{"line":204,"column":56}},"204":{"start":{"line":205,"column":0},"end":{"line":205,"column":3}},"205":{"start":{"line":206,"column":0},"end":{"line":206,"column":43}},"206":{"start":{"line":207,"column":0},"end":{"line":207,"column":36}},"207":{"start":{"line":208,"column":0},"end":{"line":208,"column":23}},"208":{"start":{"line":209,"column":0},"end":{"line":209,"column":44}},"209":{"start":{"line":210,"column":0},"end":{"line":210,"column":0}},"210":{"start":{"line":211,"column":0},"end":{"line":211,"column":41}},"211":{"start":{"line":212,"column":0},"end":{"line":212,"column":68}},"212":{"start":{"line":213,"column":0},"end":{"line":213,"column":28}},"213":{"start":{"line":214,"column":0},"end":{"line":214,"column":41}},"214":{"start":{"line":215,"column":0},"end":{"line":215,"column":5}},"215":{"start":{"line":216,"column":0},"end":{"line":216,"column":3}},"216":{"start":{"line":217,"column":0},"end":{"line":217,"column":0}},"217":{"start":{"line":218,"column":0},"end":{"line":218,"column":20}},"218":{"start":{"line":219,"column":0},"end":{"line":219,"column":1}}},"s":{"0":1,"1":1,"2":1,"3":1,"4":1,"5":1,"6":1,"7":1,"8":1,"9":1,"10":1,"11":1,"12":1,"13":1,"14":1,"15":1,"16":1,"17":1,"18":1,"19":1,"20":1,"21":1,"22":1,"23":1,"24":1,"25":1,"26":1,"27":1,"28":1,"29":1,"30":1,"31":1,"32":1,"33":1,"34":31,"35":31,"36":31,"37":31,"38":31,"39":31,"40":31,"41":27,"42":27,"43":351,"44":351,"45":27,"46":27,"47":31,"48":31,"49":31,"50":1,"51":1,"52":1,"53":1,"54":1,"55":1,"56":1,"57":1,"58":1,"59":1,"60":19,"61":19,"62":19,"63":19,"64":19,"65":1,"66":1,"67":18,"68":18,"69":19,"70":19,"71":2,"72":2,"73":16,"74":16,"75":19,"76":19,"77":1,"78":1,"79":15,"80":15,"81":15,"82":15,"83":15,"84":15,"85":19,"86":1,"87":1,"88":14,"89":14,"90":19,"91":1,"92":1,"93":13,"94":13,"95":13,"96":13,"97":13,"98":19,"99":19,"100":19,"101":19,"102":1,"103":1,"104":1,"105":1,"106":1,"107":1,"108":1,"109":1,"110":1,"111":1,"112":1,"113":1,"114":0,"115":0,"116":0,"117":0,"118":0,"119":0,"120":0,"121":0,"122":0,"123":0,"124":0,"125":0,"126":0,"127":0,"128":0,"129":0,"130":0,"131":0,"132":0,"133":0,"134":0,"135":0,"136":0,"137":0,"138":0,"139":0,"140":0,"141":0,"142":0,"143":0,"144":0,"145":0,"146":0,"147":0,"148":0,"149":0,"150":0,"151":0,"152":0,"153":0,"154":0,"155":0,"156":0,"157":0,"158":0,"159":0,"160":0,"161":0,"162":0,"163":0,"164":0,"165":0,"166":0,"167":0,"168":0,"169":0,"170":0,"171":0,"172":0,"173":0,"174":0,"175":0,"176":0,"177":0,"178":0,"179":0,"180":0,"181":0,"182":0,"183":0,"184":0,"185":0,"186":0,"187":0,"188":0,"189":0,"190":0,"191":0,"192":0,"193":0,"194":0,"195":0,"196":0,"197":1,"198":1,"199":1,"200":1,"201":1,"202":1,"203":1,"204":1,"205":1,"206":4,"207":4,"208":4,"209":4,"210":4,"211":9,"212":9,"213":8,"214":8,"215":9,"216":4,"217":4,"218":4},"branchMap":{"0":{"type":"branch","line":34,"loc":{"start":{"line":34,"column":7},"end":{"line":50,"column":1}},"locations":[{"start":{"line":34,"column":7},"end":{"line":50,"column":1}}]},"1":{"type":"branch","line":41,"loc":{"start":{"line":41,"column":13},"end":{"line":47,"column":3}},"locations":[{"start":{"line":41,"column":13},"end":{"line":47,"column":3}}]},"2":{"type":"branch","line":43,"loc":{"start":{"line":43,"column":43},"end":{"line":45,"column":5}},"locations":[{"start":{"line":43,"column":43},"end":{"line":45,"column":5}}]},"3":{"type":"branch","line":60,"loc":{"start":{"line":60,"column":7},"end":{"line":102,"column":1}},"locations":[{"start":{"line":60,"column":7},"end":{"line":102,"column":1}}]},"4":{"type":"branch","line":64,"loc":{"start":{"line":64,"column":31},"end":{"line":64,"column":62}},"locations":[{"start":{"line":64,"column":31},"end":{"line":64,"column":62}}]},"5":{"type":"branch","line":64,"loc":{"start":{"line":64,"column":48},"end":{"line":64,"column":65}},"locations":[{"start":{"line":64,"column":48},"end":{"line":64,"column":65}}]},"6":{"type":"branch","line":65,"loc":{"start":{"line":65,"column":18},"end":{"line":67,"column":3}},"locations":[{"start":{"line":65,"column":18},"end":{"line":67,"column":3}}]},"7":{"type":"branch","line":67,"loc":{"start":{"line":67,"column":2},"end":{"line":70,"column":48}},"locations":[{"start":{"line":67,"column":2},"end":{"line":70,"column":48}}]},"8":{"type":"branch","line":70,"loc":{"start":{"line":70,"column":34},"end":{"line":70,"column":65}},"locations":[{"start":{"line":70,"column":34},"end":{"line":70,"column":65}}]},"9":{"type":"branch","line":71,"loc":{"start":{"line":71,"column":21},"end":{"line":73,"column":3}},"locations":[{"start":{"line":71,"column":21},"end":{"line":73,"column":3}}]},"10":{"type":"branch","line":73,"loc":{"start":{"line":73,"column":2},"end":{"line":76,"column":44}},"locations":[{"start":{"line":73,"column":2},"end":{"line":76,"column":44}}]},"11":{"type":"branch","line":76,"loc":{"start":{"line":76,"column":32},"end":{"line":76,"column":59}},"locations":[{"start":{"line":76,"column":32},"end":{"line":76,"column":59}}]},"12":{"type":"branch","line":77,"loc":{"start":{"line":77,"column":19},"end":{"line":79,"column":3}},"locations":[{"start":{"line":77,"column":19},"end":{"line":79,"column":3}}]},"13":{"type":"branch","line":79,"loc":{"start":{"line":79,"column":2},"end":{"line":86,"column":24}},"locations":[{"start":{"line":79,"column":2},"end":{"line":86,"column":24}}]},"14":{"type":"branch","line":86,"loc":{"start":{"line":86,"column":19},"end":{"line":86,"column":38}},"locations":[{"start":{"line":86,"column":19},"end":{"line":86,"column":38}}]},"15":{"type":"branch","line":86,"loc":{"start":{"line":86,"column":38},"end":{"line":88,"column":3}},"locations":[{"start":{"line":86,"column":38},"end":{"line":88,"column":3}}]},"16":{"type":"branch","line":88,"loc":{"start":{"line":88,"column":2},"end":{"line":91,"column":24}},"locations":[{"start":{"line":88,"column":2},"end":{"line":91,"column":24}}]},"17":{"type":"branch","line":91,"loc":{"start":{"line":91,"column":24},"end":{"line":93,"column":3}},"locations":[{"start":{"line":91,"column":24},"end":{"line":93,"column":3}}]},"18":{"type":"branch","line":93,"loc":{"start":{"line":93,"column":2},"end":{"line":99,"column":31}},"locations":[{"start":{"line":93,"column":2},"end":{"line":99,"column":31}}]},"19":{"type":"branch","line":99,"loc":{"start":{"line":99,"column":22},"end":{"line":99,"column":55}},"locations":[{"start":{"line":99,"column":22},"end":{"line":99,"column":55}}]},"20":{"type":"branch","line":206,"loc":{"start":{"line":206,"column":7},"end":{"line":219,"column":1}},"locations":[{"start":{"line":206,"column":7},"end":{"line":219,"column":1}}]},"21":{"type":"branch","line":211,"loc":{"start":{"line":211,"column":40},"end":{"line":216,"column":3}},"locations":[{"start":{"line":211,"column":40},"end":{"line":216,"column":3}}]},"22":{"type":"branch","line":213,"loc":{"start":{"line":213,"column":27},"end":{"line":215,"column":5}},"locations":[{"start":{"line":213,"column":27},"end":{"line":215,"column":5}}]}},"b":{"0":[31],"1":[27],"2":[351],"3":[19],"4":[2],"5":[1],"6":[1],"7":[18],"8":[4],"9":[2],"10":[16],"11":[3],"12":[1],"13":[15],"14":[14],"15":[1],"16":[14],"17":[1],"18":[13],"19":[4],"20":[4],"21":[9],"22":[8]},"fnMap":{"0":{"name":"generateSessionKey","decl":{"start":{"line":34,"column":7},"end":{"line":50,"column":1}},"loc":{"start":{"line":34,"column":7},"end":{"line":50,"column":1}},"line":34},"1":{"name":"normalizeFocusmateSession","decl":{"start":{"line":60,"column":7},"end":{"line":102,"column":1}},"loc":{"start":{"line":60,"column":7},"end":{"line":102,"column":1}},"line":60},"2":{"name":"extractSessionsFromDOM","decl":{"start":{"line":114,"column":7},"end":{"line":197,"column":1}},"loc":{"start":{"line":114,"column":7},"end":{"line":197,"column":1}},"line":114},"3":{"name":"normalizeFocusmateSessions","decl":{"start":{"line":206,"column":7},"end":{"line":219,"column":1}},"loc":{"start":{"line":206,"column":7},"end":{"line":219,"column":1}},"line":206}},"f":{"0":31,"1":19,"2":0,"3":4}}
}
